{"/home/travis/build/npmtest/node-npmtest-mocha/test.js":{"path":"/home/travis/build/npmtest/node-npmtest-mocha/test.js","s":{"1":2,"2":2,"3":2,"4":2,"5":2,"6":2,"7":2,"8":1,"9":2,"10":2,"11":1,"12":1,"13":1,"14":1,"15":2,"16":2,"17":2,"18":2,"19":1,"20":1,"21":2,"22":2,"23":2,"24":1,"25":1,"26":1,"27":1,"28":1,"29":1,"30":1,"31":1,"32":1,"33":1,"34":1,"35":1,"36":1,"37":2,"38":2,"39":1,"40":2,"41":2,"42":1,"43":2,"44":2,"45":1,"46":2,"47":2,"48":1,"49":1,"50":1,"51":1,"52":1},"b":{"1":[2,1,1,1],"2":[1,1,1,1],"3":[1,1],"4":[1,1],"5":[1,1],"6":[1,1],"7":[1,1],"8":[1,1],"9":[1,1,1],"10":[1,1],"11":[1,1],"12":[1,1],"13":[1,1],"14":[1,1],"15":[1,1],"16":[1,1]},"f":{"1":2,"2":2,"3":2,"4":2,"5":2,"6":1,"7":1,"8":2,"9":2,"10":2,"11":2,"12":1},"fnMap":{"1":{"name":"(anonymous_1)","line":12,"loc":{"start":{"line":12,"column":1},"end":{"line":12,"column":13}}},"2":{"name":"(anonymous_2)","line":19,"loc":{"start":{"line":19,"column":5},"end":{"line":19,"column":17}}},"3":{"name":"(anonymous_3)","line":23,"loc":{"start":{"line":23,"column":24},"end":{"line":23,"column":36}}},"4":{"name":"(anonymous_4)","line":61,"loc":{"start":{"line":61,"column":5},"end":{"line":61,"column":17}}},"5":{"name":"(anonymous_5)","line":82,"loc":{"start":{"line":82,"column":5},"end":{"line":82,"column":17}}},"6":{"name":"(anonymous_6)","line":102,"loc":{"start":{"line":102,"column":83},"end":{"line":105,"column":10}},"skip":true},"7":{"name":"(anonymous_7)","line":113,"loc":{"start":{"line":113,"column":77},"end":{"line":116,"column":10}},"skip":true},"8":{"name":"(anonymous_8)","line":129,"loc":{"start":{"line":129,"column":12},"end":{"line":129,"column":40}},"skip":true},"9":{"name":"(anonymous_9)","line":137,"loc":{"start":{"line":137,"column":77},"end":{"line":140,"column":10}},"skip":true},"10":{"name":"(anonymous_10)","line":148,"loc":{"start":{"line":148,"column":83},"end":{"line":151,"column":10}},"skip":true},"11":{"name":"(anonymous_11)","line":159,"loc":{"start":{"line":159,"column":79},"end":{"line":162,"column":10}},"skip":true},"12":{"name":"(anonymous_12)","line":170,"loc":{"start":{"line":170,"column":75},"end":{"line":173,"column":10}},"skip":true}},"statementMap":{"1":{"start":{"line":12,"column":0},"end":{"line":185,"column":5}},"2":{"start":{"line":14,"column":4},"end":{"line":14,"column":14}},"3":{"start":{"line":19,"column":4},"end":{"line":56,"column":9}},"4":{"start":{"line":21,"column":8},"end":{"line":21,"column":19}},"5":{"start":{"line":23,"column":8},"end":{"line":35,"column":13}},"6":{"start":{"line":24,"column":12},"end":{"line":34,"column":13}},"7":{"start":{"line":25,"column":16},"end":{"line":28,"column":30}},"8":{"start":{"line":30,"column":16},"end":{"line":33,"column":27}},"9":{"start":{"line":37,"column":8},"end":{"line":39,"column":21}},"10":{"start":{"line":40,"column":8},"end":{"line":53,"column":9}},"11":{"start":{"line":43,"column":12},"end":{"line":46,"column":14}},"12":{"start":{"line":47,"column":12},"end":{"line":47,"column":18}},"13":{"start":{"line":50,"column":12},"end":{"line":51,"column":46}},"14":{"start":{"line":52,"column":12},"end":{"line":52,"column":18}},"15":{"start":{"line":55,"column":8},"end":{"line":55,"column":35}},"16":{"start":{"line":61,"column":4},"end":{"line":63,"column":9}},"17":{"start":{"line":62,"column":8},"end":{"line":62,"column":15}},"18":{"start":{"line":64,"column":4},"end":{"line":77,"column":5}},"19":{"start":{"line":70,"column":8},"end":{"line":70,"column":14}},"20":{"start":{"line":76,"column":8},"end":{"line":76,"column":14}},"21":{"start":{"line":82,"column":4},"end":{"line":84,"column":9}},"22":{"start":{"line":83,"column":8},"end":{"line":83,"column":15}},"23":{"start":{"line":85,"column":4},"end":{"line":184,"column":5}},"24":{"start":{"line":92,"column":8},"end":{"line":94,"column":63}},"25":{"start":{"line":95,"column":8},"end":{"line":95,"column":14}},"26":{"start":{"line":102,"column":8},"end":{"line":111,"column":10},"skip":true},"27":{"start":{"line":109,"column":12},"end":{"line":109,"column":55},"skip":true},"28":{"start":{"line":110,"column":12},"end":{"line":110,"column":48},"skip":true},"29":{"start":{"line":113,"column":8},"end":{"line":126,"column":10},"skip":true},"30":{"start":{"line":120,"column":12},"end":{"line":120,"column":76},"skip":true},"31":{"start":{"line":121,"column":12},"end":{"line":121,"column":73},"skip":true},"32":{"start":{"line":122,"column":12},"end":{"line":122,"column":74},"skip":true},"33":{"start":{"line":123,"column":12},"end":{"line":123,"column":79},"skip":true},"34":{"start":{"line":124,"column":12},"end":{"line":124,"column":25},"skip":true},"35":{"start":{"line":125,"column":12},"end":{"line":125,"column":45},"skip":true},"36":{"start":{"line":128,"column":8},"end":{"line":135,"column":14},"skip":true},"37":{"start":{"line":133,"column":16},"end":{"line":133,"column":29},"skip":true},"38":{"start":{"line":134,"column":16},"end":{"line":134,"column":55},"skip":true},"39":{"start":{"line":137,"column":8},"end":{"line":146,"column":10},"skip":true},"40":{"start":{"line":144,"column":12},"end":{"line":144,"column":25},"skip":true},"41":{"start":{"line":145,"column":12},"end":{"line":145,"column":45},"skip":true},"42":{"start":{"line":148,"column":8},"end":{"line":157,"column":10},"skip":true},"43":{"start":{"line":155,"column":12},"end":{"line":155,"column":25},"skip":true},"44":{"start":{"line":156,"column":12},"end":{"line":156,"column":48},"skip":true},"45":{"start":{"line":159,"column":8},"end":{"line":168,"column":10},"skip":true},"46":{"start":{"line":166,"column":12},"end":{"line":166,"column":25},"skip":true},"47":{"start":{"line":167,"column":12},"end":{"line":167,"column":46},"skip":true},"48":{"start":{"line":170,"column":8},"end":{"line":179,"column":10},"skip":true},"49":{"start":{"line":177,"column":12},"end":{"line":177,"column":94},"skip":true},"50":{"start":{"line":178,"column":12},"end":{"line":178,"column":48},"skip":true},"51":{"start":{"line":182,"column":8},"end":{"line":182,"column":35},"skip":true},"52":{"start":{"line":183,"column":8},"end":{"line":183,"column":14},"skip":true}},"branchMap":{"1":{"line":25,"type":"binary-expr","locations":[{"start":{"line":25,"column":23},"end":{"line":25,"column":62}},{"start":{"line":26,"column":20},"end":{"line":26,"column":70}},{"start":{"line":27,"column":20},"end":{"line":27,"column":71}},{"start":{"line":28,"column":20},"end":{"line":28,"column":29}}]},"2":{"line":30,"type":"binary-expr","locations":[{"start":{"line":30,"column":23},"end":{"line":30,"column":37}},{"start":{"line":31,"column":20},"end":{"line":31,"column":61}},{"start":{"line":32,"column":20},"end":{"line":32,"column":70}},{"start":{"line":33,"column":20},"end":{"line":33,"column":26}}]},"3":{"line":37,"type":"cond-expr","locations":[{"start":{"line":38,"column":14},"end":{"line":38,"column":20}},{"start":{"line":39,"column":14},"end":{"line":39,"column":20}}]},"4":{"line":40,"type":"switch","locations":[{"start":{"line":42,"column":8},"end":{"line":47,"column":18}},{"start":{"line":49,"column":8},"end":{"line":52,"column":18}}]},"5":{"line":44,"type":"binary-expr","locations":[{"start":{"line":44,"column":16},"end":{"line":44,"column":44}},{"start":{"line":44,"column":48},"end":{"line":44,"column":66}}]},"6":{"line":50,"type":"binary-expr","locations":[{"start":{"line":50,"column":21},"end":{"line":50,"column":49}},{"start":{"line":50,"column":53},"end":{"line":50,"column":72}}]},"7":{"line":64,"type":"switch","locations":[{"start":{"line":69,"column":4},"end":{"line":70,"column":14}},{"start":{"line":75,"column":4},"end":{"line":76,"column":14}}]},"8":{"line":85,"type":"switch","locations":[{"start":{"line":90,"column":4},"end":{"line":95,"column":14}},{"start":{"line":101,"column":4},"end":{"line":183,"column":14},"skip":true}]},"9":{"line":92,"type":"binary-expr","locations":[{"start":{"line":92,"column":18},"end":{"line":92,"column":32}},{"start":{"line":93,"column":12},"end":{"line":93,"column":53}},{"start":{"line":94,"column":12},"end":{"line":94,"column":61}}]},"10":{"line":102,"type":"binary-expr","locations":[{"start":{"line":102,"column":45},"end":{"line":102,"column":79},"skip":true},{"start":{"line":102,"column":83},"end":{"line":111,"column":9},"skip":true}]},"11":{"line":113,"type":"binary-expr","locations":[{"start":{"line":113,"column":42},"end":{"line":113,"column":73},"skip":true},{"start":{"line":113,"column":77},"end":{"line":126,"column":9},"skip":true}]},"12":{"line":128,"type":"binary-expr","locations":[{"start":{"line":128,"column":48},"end":{"line":128,"column":85},"skip":true},{"start":{"line":129,"column":12},"end":{"line":135,"column":13},"skip":true}]},"13":{"line":137,"type":"binary-expr","locations":[{"start":{"line":137,"column":42},"end":{"line":137,"column":73},"skip":true},{"start":{"line":137,"column":77},"end":{"line":146,"column":9},"skip":true}]},"14":{"line":148,"type":"binary-expr","locations":[{"start":{"line":148,"column":45},"end":{"line":148,"column":79},"skip":true},{"start":{"line":148,"column":83},"end":{"line":157,"column":9},"skip":true}]},"15":{"line":159,"type":"binary-expr","locations":[{"start":{"line":159,"column":43},"end":{"line":159,"column":75},"skip":true},{"start":{"line":159,"column":79},"end":{"line":168,"column":9},"skip":true}]},"16":{"line":170,"type":"binary-expr","locations":[{"start":{"line":170,"column":41},"end":{"line":170,"column":71},"skip":true},{"start":{"line":170,"column":75},"end":{"line":179,"column":9},"skip":true}]}},"code":["/* istanbul instrument in package npmtest_mocha */","/*jslint","    bitwise: true,","    browser: true,","    maxerr: 8,","    maxlen: 96,","    node: true,","    nomen: true,","    regexp: true,","    stupid: true","*/","(function () {","    'use strict';","    var local;","","","","    // run shared js-env code - pre-init","    (function () {","        // init local","        local = {};","        // init modeJs","        local.modeJs = (function () {","            try {","                return typeof navigator.userAgent === 'string' &&","                    typeof document.querySelector('body') === 'object' &&","                    typeof XMLHttpRequest.prototype.open === 'function' &&","                    'browser';","            } catch (errorCaughtBrowser) {","                return module.exports &&","                    typeof process.versions.node === 'string' &&","                    typeof require('http').createServer === 'function' &&","                    'node';","            }","        }());","        // init global","        local.global = local.modeJs === 'browser'","            ? window","            : global;","        switch (local.modeJs) {","        // re-init local from window.local","        case 'browser':","            local = local.global.utility2.objectSetDefault(","                local.global.utility2_rollup || local.global.local,","                local.global.utility2","            );","            break;","        // re-init local from example.js","        case 'node':","            local = (local.global.utility2_rollup || require('utility2'))","                .requireExampleJsFromReadme();","            break;","        }","        // export local","        local.global.local = local;","    }());","","","","    // run shared js-env code - function","    (function () {","        return;","    }());","    switch (local.modeJs) {","","","","    // run browser js-env code - function","    case 'browser':","        break;","","","","    // run node js-env code - function","    case 'node':","        break;","    }","","","","    // run shared js-env code - post-init","    (function () {","        return;","    }());","    switch (local.modeJs) {","","","","    // run browser js-env code - post-init","    case 'browser':","        // run tests","        local.nop(local.modeTest &&","            document.querySelector('#testRunButton1') &&","            document.querySelector('#testRunButton1').click());","        break;","","","","    // run node js-env code - post-init","    /* istanbul ignore next */","    case 'node':","        local.testCase_buildApidoc_default = local.testCase_buildApidoc_default || function (","            options,","            onError","        ) {","        /*","         * this function will test buildApidoc's default handling-behavior-behavior","         */","            options = { modulePathList: module.paths };","            local.buildApidoc(options, onError);","        };","","        local.testCase_buildApp_default = local.testCase_buildApp_default || function (","            options,","            onError","        ) {","        /*","         * this function will test buildApp's default handling-behavior-behavior","         */","            local.testCase_buildReadme_default(options, local.onErrorThrow);","            local.testCase_buildLib_default(options, local.onErrorThrow);","            local.testCase_buildTest_default(options, local.onErrorThrow);","            local.testCase_buildCustomOrg_default(options, local.onErrorThrow);","            options = [];","            local.buildApp(options, onError);","        };","","        local.testCase_buildCustomOrg_default = local.testCase_buildCustomOrg_default ||","            function (options, onError) {","            /*","             * this function will test buildCustomOrg's default handling-behavior","             */","                options = {};","                local.buildCustomOrg(options, onError);","            };","","        local.testCase_buildLib_default = local.testCase_buildLib_default || function (","            options,","            onError","        ) {","        /*","         * this function will test buildLib's default handling-behavior","         */","            options = {};","            local.buildLib(options, onError);","        };","","        local.testCase_buildReadme_default = local.testCase_buildReadme_default || function (","            options,","            onError","        ) {","        /*","         * this function will test buildReadme's default handling-behavior-behavior","         */","            options = {};","            local.buildReadme(options, onError);","        };","","        local.testCase_buildTest_default = local.testCase_buildTest_default || function (","            options,","            onError","        ) {","        /*","         * this function will test buildTest's default handling-behavior","         */","            options = {};","            local.buildTest(options, onError);","        };","","        local.testCase_webpage_default = local.testCase_webpage_default || function (","            options,","            onError","        ) {","        /*","         * this function will test webpage's default handling-behavior","         */","            options = { modeCoverageMerge: true, url: local.serverLocalHost + '?modeTest=1' };","            local.browserTest(options, onError);","        };","","        // run test-server","        local.testRunServer(local);","        break;","    }","}());",""],"l":{"12":2,"14":2,"19":2,"21":2,"23":2,"24":2,"25":2,"30":1,"37":2,"40":2,"43":1,"47":1,"50":1,"52":1,"55":2,"61":2,"62":2,"64":2,"70":1,"76":1,"82":2,"83":2,"85":2,"92":1,"95":1,"102":1,"109":1,"110":1,"113":1,"120":1,"121":1,"122":1,"123":1,"124":1,"125":1,"128":1,"133":2,"134":2,"137":1,"144":2,"145":2,"148":1,"155":2,"156":2,"159":1,"166":2,"167":2,"170":1,"177":1,"178":1,"182":1,"183":1}},"/home/travis/build/npmtest/node-npmtest-mocha/lib.npmtest_mocha.js":{"path":"/home/travis/build/npmtest/node-npmtest-mocha/lib.npmtest_mocha.js","s":{"1":2,"2":2,"3":2,"4":2,"5":2,"6":2,"7":2,"8":1,"9":2,"10":2,"11":2,"12":2,"13":1,"14":1,"15":1,"16":1},"b":{"1":[2,1,1,1],"2":[1,1,1,1],"3":[1,1],"4":[2,2],"5":[1,1]},"f":{"1":2,"2":2,"3":2},"fnMap":{"1":{"name":"(anonymous_1)","line":12,"loc":{"start":{"line":12,"column":1},"end":{"line":12,"column":13}}},"2":{"name":"(anonymous_2)","line":19,"loc":{"start":{"line":19,"column":5},"end":{"line":19,"column":17}}},"3":{"name":"(anonymous_3)","line":23,"loc":{"start":{"line":23,"column":24},"end":{"line":23,"column":36}}}},"statementMap":{"1":{"start":{"line":12,"column":0},"end":{"line":53,"column":5}},"2":{"start":{"line":14,"column":4},"end":{"line":14,"column":14}},"3":{"start":{"line":19,"column":4},"end":{"line":52,"column":9}},"4":{"start":{"line":21,"column":8},"end":{"line":21,"column":19}},"5":{"start":{"line":23,"column":8},"end":{"line":35,"column":13}},"6":{"start":{"line":24,"column":12},"end":{"line":34,"column":13}},"7":{"start":{"line":25,"column":16},"end":{"line":28,"column":30}},"8":{"start":{"line":30,"column":16},"end":{"line":33,"column":27}},"9":{"start":{"line":37,"column":8},"end":{"line":39,"column":21}},"10":{"start":{"line":41,"column":8},"end":{"line":41,"column":54}},"11":{"start":{"line":43,"column":8},"end":{"line":43,"column":50}},"12":{"start":{"line":45,"column":8},"end":{"line":51,"column":9}},"13":{"start":{"line":46,"column":12},"end":{"line":46,"column":56}},"14":{"start":{"line":48,"column":12},"end":{"line":48,"column":35}},"15":{"start":{"line":49,"column":12},"end":{"line":49,"column":49}},"16":{"start":{"line":50,"column":12},"end":{"line":50,"column":43}}},"branchMap":{"1":{"line":25,"type":"binary-expr","locations":[{"start":{"line":25,"column":23},"end":{"line":25,"column":62}},{"start":{"line":26,"column":20},"end":{"line":26,"column":70}},{"start":{"line":27,"column":20},"end":{"line":27,"column":71}},{"start":{"line":28,"column":20},"end":{"line":28,"column":29}}]},"2":{"line":30,"type":"binary-expr","locations":[{"start":{"line":30,"column":23},"end":{"line":30,"column":37}},{"start":{"line":31,"column":20},"end":{"line":31,"column":61}},{"start":{"line":32,"column":20},"end":{"line":32,"column":70}},{"start":{"line":33,"column":20},"end":{"line":33,"column":26}}]},"3":{"line":37,"type":"cond-expr","locations":[{"start":{"line":38,"column":14},"end":{"line":38,"column":20}},{"start":{"line":39,"column":14},"end":{"line":39,"column":20}}]},"4":{"line":41,"type":"binary-expr","locations":[{"start":{"line":41,"column":16},"end":{"line":41,"column":44}},{"start":{"line":41,"column":48},"end":{"line":41,"column":53}}]},"5":{"line":45,"type":"if","locations":[{"start":{"line":45,"column":8},"end":{"line":45,"column":8}},{"start":{"line":45,"column":8},"end":{"line":45,"column":8}}]}},"code":["/* istanbul instrument in package npmtest_mocha */","/*jslint","    bitwise: true,","    browser: true,","    maxerr: 8,","    maxlen: 96,","    node: true,","    nomen: true,","    regexp: true,","    stupid: true","*/","(function () {","    'use strict';","    var local;","","","","    // run shared js-env code - pre-init","    (function () {","        // init local","        local = {};","        // init modeJs","        local.modeJs = (function () {","            try {","                return typeof navigator.userAgent === 'string' &&","                    typeof document.querySelector('body') === 'object' &&","                    typeof XMLHttpRequest.prototype.open === 'function' &&","                    'browser';","            } catch (errorCaughtBrowser) {","                return module.exports &&","                    typeof process.versions.node === 'string' &&","                    typeof require('http').createServer === 'function' &&","                    'node';","            }","        }());","        // init global","        local.global = local.modeJs === 'browser'","            ? window","            : global;","        // init utility2_rollup","        local = local.global.utility2_rollup || local;","        // init lib","        local.local = local.npmtest_mocha = local;","        // init exports","        if (local.modeJs === 'browser') {","            local.global.utility2_npmtest_mocha = local;","        } else {","            module.exports = local;","            module.exports.__dirname = __dirname;","            module.exports.module = module;","        }","    }());","}());",""],"l":{"12":2,"14":2,"19":2,"21":2,"23":2,"24":2,"25":2,"30":1,"37":2,"41":2,"43":2,"45":2,"46":1,"48":1,"49":1,"50":1}},"/home/travis/build/npmtest/node-npmtest-mocha/example.js":{"path":"/home/travis/build/npmtest/node-npmtest-mocha/example.js","s":{"1":2,"2":2,"3":2,"4":2,"5":2,"6":2,"7":2,"8":1,"9":2,"10":2,"11":2,"12":2,"13":1,"14":2,"15":2,"16":2,"17":2,"18":2,"19":0,"20":2,"21":1,"22":1,"23":1,"24":1,"25":1,"26":0,"27":0,"28":1,"29":1,"30":2,"31":0,"32":0,"33":0,"34":1,"35":2,"36":2,"37":2,"38":2,"39":2,"40":2,"41":0,"42":2,"43":2,"44":2,"45":1,"46":3,"47":1,"48":1,"49":1,"50":1,"51":1,"52":1,"53":1,"54":1,"55":1,"56":1,"57":0,"58":1,"59":6,"60":6,"61":1,"62":2,"63":0,"64":2,"65":1,"66":1,"67":0,"68":0,"69":0,"70":0,"71":0,"72":0,"73":0,"74":0,"75":0,"76":0,"77":0,"78":0,"79":0,"80":0,"81":0,"82":0,"83":0},"b":{"1":[2,1,1,1],"2":[1,1,1,1],"3":[1,1],"4":[2,2],"5":[1,1],"6":[1,1],"7":[2,0],"8":[2,1,1,1,1,1],"9":[0,2,0],"10":[1,1],"11":[2,1,1],"12":[1,0],"13":[0,2],"14":[2,0,0,0,0,0,0],"15":[0,2],"16":[2,0],"17":[1,1],"18":[0,1],"19":[1,2,0,2],"20":[1,0],"21":[1,1],"22":[0,0],"23":[0,0],"24":[0,0],"25":[0,0],"26":[0,0],"27":[0,0],"28":[0,0]},"f":{"1":2,"2":2,"3":2,"4":2,"5":2,"6":2,"7":2,"8":2,"9":3,"10":1,"11":6,"12":0},"fnMap":{"1":{"name":"(anonymous_1)","line":26,"loc":{"start":{"line":26,"column":1},"end":{"line":26,"column":13}}},"2":{"name":"(anonymous_2)","line":33,"loc":{"start":{"line":33,"column":5},"end":{"line":33,"column":17}}},"3":{"name":"(anonymous_3)","line":37,"loc":{"start":{"line":37,"column":24},"end":{"line":37,"column":36}}},"4":{"name":"(anonymous_4)","line":69,"loc":{"start":{"line":69,"column":31},"end":{"line":69,"column":48}},"skip":true},"5":{"name":"(anonymous_5)","line":78,"loc":{"start":{"line":78,"column":26},"end":{"line":78,"column":45}},"skip":true},"6":{"name":"(anonymous_6)","line":123,"loc":{"start":{"line":123,"column":33},"end":{"line":123,"column":48}},"skip":true},"7":{"name":"(anonymous_7)","line":125,"loc":{"start":{"line":125,"column":27},"end":{"line":125,"column":39}},"skip":true},"8":{"name":"(anonymous_8)","line":133,"loc":{"start":{"line":133,"column":59},"end":{"line":133,"column":74}},"skip":true},"9":{"name":"(anonymous_9)","line":143,"loc":{"start":{"line":143,"column":45},"end":{"line":143,"column":62}},"skip":true},"10":{"name":"(anonymous_10)","line":144,"loc":{"start":{"line":144,"column":73},"end":{"line":144,"column":92}},"skip":true},"11":{"name":"(anonymous_11)","line":272,"loc":{"start":{"line":272,"column":51},"end":{"line":272,"column":77}},"skip":true},"12":{"name":"(anonymous_12)","line":314,"loc":{"start":{"line":314,"column":32},"end":{"line":314,"column":61}},"skip":true}},"statementMap":{"1":{"start":{"line":26,"column":0},"end":{"line":325,"column":5}},"2":{"start":{"line":28,"column":4},"end":{"line":28,"column":14}},"3":{"start":{"line":33,"column":4},"end":{"line":60,"column":9}},"4":{"start":{"line":35,"column":8},"end":{"line":35,"column":19}},"5":{"start":{"line":37,"column":8},"end":{"line":49,"column":13}},"6":{"start":{"line":38,"column":12},"end":{"line":48,"column":13}},"7":{"start":{"line":39,"column":16},"end":{"line":42,"column":30}},"8":{"start":{"line":44,"column":16},"end":{"line":47,"column":27}},"9":{"start":{"line":51,"column":8},"end":{"line":53,"column":21}},"10":{"start":{"line":55,"column":8},"end":{"line":57,"column":45}},"11":{"start":{"line":59,"column":8},"end":{"line":59,"column":35}},"12":{"start":{"line":61,"column":4},"end":{"line":324,"column":5}},"13":{"start":{"line":69,"column":8},"end":{"line":121,"column":10},"skip":true},"14":{"start":{"line":70,"column":12},"end":{"line":88,"column":13},"skip":true},"15":{"start":{"line":76,"column":16},"end":{"line":87,"column":19},"skip":true},"16":{"start":{"line":79,"column":20},"end":{"line":86,"column":21},"skip":true},"17":{"start":{"line":82,"column":24},"end":{"line":82,"column":43},"skip":true},"18":{"start":{"line":83,"column":24},"end":{"line":83,"column":30},"skip":true},"19":{"start":{"line":85,"column":24},"end":{"line":85,"column":49},"skip":true},"20":{"start":{"line":89,"column":12},"end":{"line":107,"column":13},"skip":true},"21":{"start":{"line":92,"column":16},"end":{"line":102,"column":17},"skip":true},"22":{"start":{"line":93,"column":20},"end":{"line":93,"column":86},"skip":true},"23":{"start":{"line":94,"column":20},"end":{"line":95,"column":45},"skip":true},"24":{"start":{"line":96,"column":20},"end":{"line":96,"column":42},"skip":true},"25":{"start":{"line":97,"column":20},"end":{"line":97,"column":48},"skip":true},"26":{"start":{"line":100,"column":20},"end":{"line":100,"column":85},"skip":true},"27":{"start":{"line":101,"column":20},"end":{"line":101,"column":96},"skip":true},"28":{"start":{"line":103,"column":16},"end":{"line":103,"column":22},"skip":true},"29":{"start":{"line":106,"column":16},"end":{"line":106,"column":22},"skip":true},"30":{"start":{"line":108,"column":12},"end":{"line":120,"column":13},"skip":true},"31":{"start":{"line":114,"column":16},"end":{"line":119,"column":17},"skip":true},"32":{"start":{"line":116,"column":20},"end":{"line":116,"column":78},"skip":true},"33":{"start":{"line":118,"column":20},"end":{"line":118,"column":47},"skip":true},"34":{"start":{"line":123,"column":8},"end":{"line":141,"column":11},"skip":true},"35":{"start":{"line":124,"column":12},"end":{"line":124,"column":54},"skip":true},"36":{"start":{"line":125,"column":12},"end":{"line":140,"column":14},"skip":true},"37":{"start":{"line":126,"column":16},"end":{"line":126,"column":28},"skip":true},"38":{"start":{"line":127,"column":16},"end":{"line":127,"column":69},"skip":true},"39":{"start":{"line":128,"column":16},"end":{"line":128,"column":75},"skip":true},"40":{"start":{"line":129,"column":16},"end":{"line":131,"column":17},"skip":true},"41":{"start":{"line":130,"column":20},"end":{"line":130,"column":27},"skip":true},"42":{"start":{"line":133,"column":16},"end":{"line":137,"column":36},"skip":true},"43":{"start":{"line":134,"column":20},"end":{"line":136,"column":55},"skip":true},"44":{"start":{"line":139,"column":16},"end":{"line":139,"column":57},"skip":true},"45":{"start":{"line":143,"column":8},"end":{"line":147,"column":11},"skip":true},"46":{"start":{"line":144,"column":12},"end":{"line":146,"column":15},"skip":true},"47":{"start":{"line":145,"column":16},"end":{"line":145,"column":70},"skip":true},"48":{"start":{"line":149,"column":8},"end":{"line":149,"column":31},"skip":true},"49":{"start":{"line":150,"column":8},"end":{"line":150,"column":14},"skip":true},"50":{"start":{"line":158,"column":8},"end":{"line":158,"column":31},"skip":true},"51":{"start":{"line":160,"column":8},"end":{"line":160,"column":33},"skip":true},"52":{"start":{"line":161,"column":8},"end":{"line":161,"column":37},"skip":true},"53":{"start":{"line":162,"column":8},"end":{"line":162,"column":35},"skip":true},"54":{"start":{"line":164,"column":8},"end":{"line":164,"column":50},"skip":true},"55":{"start":{"line":166,"column":8},"end":{"line":256,"column":2},"skip":true},"56":{"start":{"line":258,"column":8},"end":{"line":286,"column":9},"skip":true},"57":{"start":{"line":259,"column":12},"end":{"line":269,"column":14},"skip":true},"58":{"start":{"line":271,"column":12},"end":{"line":285,"column":19},"skip":true},"59":{"start":{"line":274,"column":20},"end":{"line":274,"column":35},"skip":true},"60":{"start":{"line":275,"column":20},"end":{"line":284,"column":21},"skip":true},"61":{"start":{"line":277,"column":24},"end":{"line":277,"column":64},"skip":true},"62":{"start":{"line":279,"column":24},"end":{"line":279,"column":40},"skip":true},"63":{"start":{"line":281,"column":24},"end":{"line":281,"column":40},"skip":true},"64":{"start":{"line":283,"column":24},"end":{"line":283,"column":39},"skip":true},"65":{"start":{"line":288,"column":8},"end":{"line":290,"column":9},"skip":true},"66":{"start":{"line":289,"column":12},"end":{"line":289,"column":18},"skip":true},"67":{"start":{"line":291,"column":8},"end":{"line":293,"column":54},"skip":true},"68":{"start":{"line":294,"column":8},"end":{"line":301,"column":37},"skip":true},"69":{"start":{"line":302,"column":8},"end":{"line":302,"column":82},"skip":true},"70":{"start":{"line":305,"column":8},"end":{"line":307,"column":9},"skip":true},"71":{"start":{"line":306,"column":12},"end":{"line":306,"column":82},"skip":true},"72":{"start":{"line":309,"column":8},"end":{"line":311,"column":9},"skip":true},"73":{"start":{"line":310,"column":12},"end":{"line":310,"column":18},"skip":true},"74":{"start":{"line":312,"column":8},"end":{"line":312,"column":54},"skip":true},"75":{"start":{"line":313,"column":8},"end":{"line":313,"column":69},"skip":true},"76":{"start":{"line":314,"column":8},"end":{"line":322,"column":36},"skip":true},"77":{"start":{"line":315,"column":12},"end":{"line":315,"column":61},"skip":true},"78":{"start":{"line":316,"column":12},"end":{"line":319,"column":13},"skip":true},"79":{"start":{"line":317,"column":16},"end":{"line":317,"column":75},"skip":true},"80":{"start":{"line":318,"column":16},"end":{"line":318,"column":23},"skip":true},"81":{"start":{"line":320,"column":12},"end":{"line":320,"column":38},"skip":true},"82":{"start":{"line":321,"column":12},"end":{"line":321,"column":27},"skip":true},"83":{"start":{"line":323,"column":8},"end":{"line":323,"column":14},"skip":true}},"branchMap":{"1":{"line":39,"type":"binary-expr","locations":[{"start":{"line":39,"column":23},"end":{"line":39,"column":62}},{"start":{"line":40,"column":20},"end":{"line":40,"column":70}},{"start":{"line":41,"column":20},"end":{"line":41,"column":71}},{"start":{"line":42,"column":20},"end":{"line":42,"column":29}}]},"2":{"line":44,"type":"binary-expr","locations":[{"start":{"line":44,"column":23},"end":{"line":44,"column":37}},{"start":{"line":45,"column":20},"end":{"line":45,"column":61}},{"start":{"line":46,"column":20},"end":{"line":46,"column":70}},{"start":{"line":47,"column":20},"end":{"line":47,"column":26}}]},"3":{"line":51,"type":"cond-expr","locations":[{"start":{"line":52,"column":14},"end":{"line":52,"column":20}},{"start":{"line":53,"column":14},"end":{"line":53,"column":20}}]},"4":{"line":55,"type":"binary-expr","locations":[{"start":{"line":55,"column":16},"end":{"line":55,"column":44}},{"start":{"line":55,"column":49},"end":{"line":57,"column":43}}]},"5":{"line":55,"type":"cond-expr","locations":[{"start":{"line":56,"column":14},"end":{"line":56,"column":49}},{"start":{"line":57,"column":14},"end":{"line":57,"column":43}}]},"6":{"line":61,"type":"switch","locations":[{"start":{"line":68,"column":4},"end":{"line":150,"column":14},"skip":true},{"start":{"line":156,"column":4},"end":{"line":323,"column":14},"skip":true}]},"7":{"line":70,"type":"if","locations":[{"start":{"line":70,"column":12},"end":{"line":70,"column":12},"skip":true},{"start":{"line":70,"column":12},"end":{"line":70,"column":12},"skip":true}]},"8":{"line":70,"type":"binary-expr","locations":[{"start":{"line":70,"column":16},"end":{"line":70,"column":22},"skip":true},{"start":{"line":70,"column":27},"end":{"line":70,"column":32},"skip":true},{"start":{"line":71,"column":20},"end":{"line":71,"column":39},"skip":true},{"start":{"line":72,"column":20},"end":{"line":72,"column":49},"skip":true},{"start":{"line":73,"column":20},"end":{"line":73,"column":58},"skip":true},{"start":{"line":74,"column":20},"end":{"line":74,"column":69},"skip":true}]},"9":{"line":79,"type":"switch","locations":[{"start":{"line":80,"column":20},"end":{"line":80,"column":33},"skip":true},{"start":{"line":81,"column":20},"end":{"line":83,"column":30},"skip":true},{"start":{"line":84,"column":20},"end":{"line":85,"column":49},"skip":true}]},"10":{"line":89,"type":"switch","locations":[{"start":{"line":90,"column":12},"end":{"line":103,"column":22},"skip":true},{"start":{"line":105,"column":12},"end":{"line":106,"column":22},"skip":true}]},"11":{"line":89,"type":"binary-expr","locations":[{"start":{"line":89,"column":20},"end":{"line":89,"column":25},"skip":true},{"start":{"line":89,"column":29},"end":{"line":89,"column":48},"skip":true},{"start":{"line":89,"column":52},"end":{"line":89,"column":74},"skip":true}]},"12":{"line":92,"type":"if","locations":[{"start":{"line":92,"column":16},"end":{"line":92,"column":16},"skip":true},{"start":{"line":92,"column":16},"end":{"line":92,"column":16},"skip":true}]},"13":{"line":108,"type":"if","locations":[{"start":{"line":108,"column":12},"end":{"line":108,"column":12},"skip":true},{"start":{"line":108,"column":12},"end":{"line":108,"column":12},"skip":true}]},"14":{"line":108,"type":"binary-expr","locations":[{"start":{"line":108,"column":16},"end":{"line":108,"column":61},"skip":true},{"start":{"line":108,"column":66},"end":{"line":108,"column":72},"skip":true},{"start":{"line":108,"column":77},"end":{"line":108,"column":82},"skip":true},{"start":{"line":109,"column":20},"end":{"line":109,"column":39},"skip":true},{"start":{"line":110,"column":20},"end":{"line":110,"column":49},"skip":true},{"start":{"line":111,"column":20},"end":{"line":111,"column":58},"skip":true},{"start":{"line":112,"column":20},"end":{"line":112,"column":68},"skip":true}]},"15":{"line":129,"type":"if","locations":[{"start":{"line":129,"column":16},"end":{"line":129,"column":16},"skip":true},{"start":{"line":129,"column":16},"end":{"line":129,"column":16},"skip":true}]},"16":{"line":134,"type":"cond-expr","locations":[{"start":{"line":135,"column":26},"end":{"line":135,"column":29},"skip":true},{"start":{"line":136,"column":26},"end":{"line":136,"column":54},"skip":true}]},"17":{"line":164,"type":"binary-expr","locations":[{"start":{"line":164,"column":27},"end":{"line":164,"column":43},"skip":true},{"start":{"line":164,"column":47},"end":{"line":164,"column":49},"skip":true}]},"18":{"line":258,"type":"if","locations":[{"start":{"line":258,"column":8},"end":{"line":258,"column":8},"skip":true},{"start":{"line":258,"column":8},"end":{"line":258,"column":8},"skip":true}]},"19":{"line":275,"type":"switch","locations":[{"start":{"line":276,"column":20},"end":{"line":277,"column":64},"skip":true},{"start":{"line":278,"column":20},"end":{"line":279,"column":40},"skip":true},{"start":{"line":280,"column":20},"end":{"line":281,"column":40},"skip":true},{"start":{"line":282,"column":20},"end":{"line":283,"column":39},"skip":true}]},"20":{"line":288,"type":"if","locations":[{"start":{"line":288,"column":8},"end":{"line":288,"column":8},"skip":true},{"start":{"line":288,"column":8},"end":{"line":288,"column":8},"skip":true}]},"21":{"line":288,"type":"binary-expr","locations":[{"start":{"line":288,"column":12},"end":{"line":288,"column":40},"skip":true},{"start":{"line":288,"column":44},"end":{"line":288,"column":67},"skip":true}]},"22":{"line":292,"type":"binary-expr","locations":[{"start":{"line":292,"column":12},"end":{"line":292,"column":50},"skip":true},{"start":{"line":293,"column":12},"end":{"line":293,"column":53},"skip":true}]},"23":{"line":295,"type":"binary-expr","locations":[{"start":{"line":295,"column":12},"end":{"line":295,"column":63},"skip":true},{"start":{"line":296,"column":12},"end":{"line":301,"column":36},"skip":true}]},"24":{"line":302,"type":"binary-expr","locations":[{"start":{"line":302,"column":43},"end":{"line":302,"column":75},"skip":true},{"start":{"line":302,"column":79},"end":{"line":302,"column":81},"skip":true}]},"25":{"line":305,"type":"if","locations":[{"start":{"line":305,"column":8},"end":{"line":305,"column":8},"skip":true},{"start":{"line":305,"column":8},"end":{"line":305,"column":8},"skip":true}]},"26":{"line":309,"type":"if","locations":[{"start":{"line":309,"column":8},"end":{"line":309,"column":8},"skip":true},{"start":{"line":309,"column":8},"end":{"line":309,"column":8},"skip":true}]},"27":{"line":312,"type":"binary-expr","locations":[{"start":{"line":312,"column":27},"end":{"line":312,"column":43},"skip":true},{"start":{"line":312,"column":47},"end":{"line":312,"column":53},"skip":true}]},"28":{"line":316,"type":"if","locations":[{"start":{"line":316,"column":12},"end":{"line":316,"column":12},"skip":true},{"start":{"line":316,"column":12},"end":{"line":316,"column":12},"skip":true}]}},"code":["/*","example.js","","quickstart example","","instruction","    1. save this script as example.js","    2. run the shell command:","        $ npm install npmtest-mocha && PORT=8081 node example.js","    3. play with the browser-demo on http://127.0.0.1:8081","*/","","","","/* istanbul instrument in package npmtest_mocha */","/*jslint","    bitwise: true,","    browser: true,","    maxerr: 8,","    maxlen: 96,","    node: true,","    nomen: true,","    regexp: true,","    stupid: true","*/","(function () {","    'use strict';","    var local;","","","","    // run shared js-env code - pre-init","    (function () {","        // init local","        local = {};","        // init modeJs","        local.modeJs = (function () {","            try {","                return typeof navigator.userAgent === 'string' &&","                    typeof document.querySelector('body') === 'object' &&","                    typeof XMLHttpRequest.prototype.open === 'function' &&","                    'browser';","            } catch (errorCaughtBrowser) {","                return module.exports &&","                    typeof process.versions.node === 'string' &&","                    typeof require('http').createServer === 'function' &&","                    'node';","            }","        }());","        // init global","        local.global = local.modeJs === 'browser'","            ? window","            : global;","        // init utility2_rollup","        local = local.global.utility2_rollup || (local.modeJs === 'browser'","            ? local.global.utility2_npmtest_mocha","            : global.utility2_moduleExports);","        // export local","        local.global.local = local;","    }());","    switch (local.modeJs) {","","","","    // post-init","    // run browser js-env code - post-init","    /* istanbul ignore next */","    case 'browser':","        local.testRunBrowser = function (event) {","            if (!event || (event &&","                    event.currentTarget &&","                    event.currentTarget.className &&","                    event.currentTarget.className.includes &&","                    event.currentTarget.className.includes('onreset'))) {","                // reset output","                Array.from(","                    document.querySelectorAll('body > .resettable')","                ).forEach(function (element) {","                    switch (element.tagName) {","                    case 'INPUT':","                    case 'TEXTAREA':","                        element.value = '';","                        break;","                    default:","                        element.textContent = '';","                    }","                });","            }","            switch (event && event.currentTarget && event.currentTarget.id) {","            case 'testRunButton1':","                // show tests","                if (document.querySelector('#testReportDiv1').style.display === 'none') {","                    document.querySelector('#testReportDiv1').style.display = 'block';","                    document.querySelector('#testRunButton1').textContent =","                        'hide internal test';","                    local.modeTest = true;","                    local.testRunDefault(local);","                // hide tests","                } else {","                    document.querySelector('#testReportDiv1').style.display = 'none';","                    document.querySelector('#testRunButton1').textContent = 'run internal test';","                }","                break;","            // custom-case","            default:","                break;","            }","            if (document.querySelector('#inputTextareaEval1') && (!event || (event &&","                    event.currentTarget &&","                    event.currentTarget.className &&","                    event.currentTarget.className.includes &&","                    event.currentTarget.className.includes('oneval')))) {","                // try to eval input-code","                try {","                    /*jslint evil: true*/","                    eval(document.querySelector('#inputTextareaEval1').value);","                } catch (errorCaught) {","                    console.error(errorCaught);","                }","            }","        };","        // log stderr and stdout to #outputTextareaStdout1","        ['error', 'log'].forEach(function (key) {","            console[key + '_original'] = console[key];","            console[key] = function () {","                var element;","                console[key + '_original'].apply(console, arguments);","                element = document.querySelector('#outputTextareaStdout1');","                if (!element) {","                    return;","                }","                // append text to #outputTextareaStdout1","                element.value += Array.from(arguments).map(function (arg) {","                    return typeof arg === 'string'","                        ? arg","                        : JSON.stringify(arg, null, 4);","                }).join(' ') + '\\n';","                // scroll textarea to bottom","                element.scrollTop = element.scrollHeight;","            };","        });","        // init event-handling","        ['change', 'click', 'keyup'].forEach(function (event) {","            Array.from(document.querySelectorAll('.on' + event)).forEach(function (element) {","                element.addEventListener(event, local.testRunBrowser);","            });","        });","        // run tests","        local.testRunBrowser();","        break;","","","","    // run node js-env code - post-init","    /* istanbul ignore next */","    case 'node':","        // export local","        module.exports = local;","        // require modules","        local.fs = require('fs');","        local.http = require('http');","        local.url = require('url');","        // init assets","        local.assetsDict = local.assetsDict || {};","        /* jslint-ignore-begin */","        local.assetsDict['/assets.index.template.html'] = '\\","<!doctype html>\\n\\","<html lang=\"en\">\\n\\","<head>\\n\\","<meta charset=\"UTF-8\">\\n\\","<meta name=\"viewport\" content=\"width=device-width, initial-scale=1\">\\n\\","<title>{{env.npm_package_name}} (v{{env.npm_package_version}})</title>\\n\\","<style>\\n\\","/*csslint\\n\\","    box-sizing: false,\\n\\","    universal-selector: false\\n\\","*/\\n\\","* {\\n\\","    box-sizing: border-box;\\n\\","}\\n\\","body {\\n\\","    background: #dde;\\n\\","    font-family: Arial, Helvetica, sans-serif;\\n\\","    margin: 2rem;\\n\\","}\\n\\","body > * {\\n\\","    margin-bottom: 1rem;\\n\\","}\\n\\",".utility2FooterDiv {\\n\\","    margin-top: 20px;\\n\\","    text-align: center;\\n\\","}\\n\\","</style>\\n\\","<style>\\n\\","/*csslint\\n\\","*/\\n\\","textarea {\\n\\","    font-family: monospace;\\n\\","    height: 10rem;\\n\\","    width: 100%;\\n\\","}\\n\\","textarea[readonly] {\\n\\","    background: #ddd;\\n\\","}\\n\\","</style>\\n\\","</head>\\n\\","<body>\\n\\","<!-- utility2-comment\\n\\","<div id=\"ajaxProgressDiv1\" style=\"background: #d00; height: 2px; left: 0; margin: 0; padding: 0; position: fixed; top: 0; transition: background 0.5s, width 1.5s; width: 25%;\"></div>\\n\\","utility2-comment -->\\n\\","<h1>\\n\\","<!-- utility2-comment\\n\\","    <a\\n\\","        {{#if env.npm_package_homepage}}\\n\\","        href=\"{{env.npm_package_homepage}}\"\\n\\","        {{/if env.npm_package_homepage}}\\n\\","        target=\"_blank\"\\n\\","    >\\n\\","utility2-comment -->\\n\\","        {{env.npm_package_name}} (v{{env.npm_package_version}})\\n\\","<!-- utility2-comment\\n\\","    </a>\\n\\","utility2-comment -->\\n\\","</h1>\\n\\","<h3>{{env.npm_package_description}}</h3>\\n\\","<!-- utility2-comment\\n\\","<h4><a download href=\"assets.app.js\">download standalone app</a></h4>\\n\\","<button class=\"onclick onreset\" id=\"testRunButton1\">run internal test</button><br>\\n\\","<div id=\"testReportDiv1\" style=\"display: none;\"></div>\\n\\","utility2-comment -->\\n\\","\\n\\","\\n\\","\\n\\","<label>stderr and stdout</label>\\n\\","<textarea class=\"resettable\" id=\"outputTextareaStdout1\" readonly></textarea>\\n\\","<!-- utility2-comment\\n\\","{{#if isRollup}}\\n\\","<script src=\"assets.app.js\"></script>\\n\\","{{#unless isRollup}}\\n\\","utility2-comment -->\\n\\","<script src=\"assets.utility2.rollup.js\"></script>\\n\\","<script src=\"jsonp.utility2._stateInit?callback=window.utility2._stateInit\"></script>\\n\\","<script src=\"assets.npmtest_mocha.rollup.js\"></script>\\n\\","<script src=\"assets.example.js\"></script>\\n\\","<script src=\"assets.test.js\"></script>\\n\\","<!-- utility2-comment\\n\\","{{/if isRollup}}\\n\\","utility2-comment -->\\n\\","<div class=\"utility2FooterDiv\">\\n\\","    [ this app was created with\\n\\","    <a href=\"https://github.com/kaizhu256/node-utility2\" target=\"_blank\">utility2</a>\\n\\","    ]\\n\\","</div>\\n\\","</body>\\n\\","</html>\\n\\","';","        /* jslint-ignore-end */","        if (local.templateRender) {","            local.assetsDict['/'] = local.templateRender(","                local.assetsDict['/assets.index.template.html'],","                {","                    env: local.objectSetDefault(local.env, {","                        npm_package_description: 'the greatest app in the world!',","                        npm_package_name: 'my-app',","                        npm_package_nameAlias: 'my_app',","                        npm_package_version: '0.0.1'","                    })","                }","            );","        } else {","            local.assetsDict['/'] = local.assetsDict['/assets.index.template.html']","                .replace((/\\{\\{env\\.(\\w+?)\\}\\}/g), function (match0, match1) {","                    // jslint-hack","                    String(match0);","                    switch (match1) {","                    case 'npm_package_description':","                        return 'the greatest app in the world!';","                    case 'npm_package_name':","                        return 'my-app';","                    case 'npm_package_nameAlias':","                        return 'my_app';","                    case 'npm_package_version':","                        return '0.0.1';","                    }","                });","        }","        // run the cli","        if (local.global.utility2_rollup || module !== require.main) {","            break;","        }","        local.assetsDict['/assets.example.js'] =","            local.assetsDict['/assets.example.js'] ||","            local.fs.readFileSync(__filename, 'utf8');","        local.assetsDict['/assets.npmtest_mocha.rollup.js'] =","            local.assetsDict['/assets.npmtest_mocha.rollup.js'] ||","            local.fs.readFileSync(","                // buildCustomOrg-hack","                local.npmtest_mocha.__dirname +","                    '/lib.npmtest_mocha.js',","                'utf8'","            ).replace((/^#!/), '//');","        local.assetsDict['/favicon.ico'] = local.assetsDict['/favicon.ico'] || '';","        // if $npm_config_timeout_exit exists,","        // then exit this process after $npm_config_timeout_exit ms","        if (Number(process.env.npm_config_timeout_exit)) {","            setTimeout(process.exit, Number(process.env.npm_config_timeout_exit));","        }","        // start server","        if (local.global.utility2_serverHttp1) {","            break;","        }","        process.env.PORT = process.env.PORT || '8081';","        console.error('server starting on port ' + process.env.PORT);","        local.http.createServer(function (request, response) {","            request.urlParsed = local.url.parse(request.url);","            if (local.assetsDict[request.urlParsed.pathname] !== undefined) {","                response.end(local.assetsDict[request.urlParsed.pathname]);","                return;","            }","            response.statusCode = 404;","            response.end();","        }).listen(process.env.PORT);","        break;","    }","}());",""],"l":{"26":2,"28":2,"33":2,"35":2,"37":2,"38":2,"39":2,"44":1,"51":2,"55":2,"59":2,"61":2,"69":1,"70":2,"76":2,"79":2,"82":2,"83":2,"85":1,"89":2,"92":1,"93":1,"94":1,"96":1,"97":1,"100":1,"101":1,"103":1,"106":1,"108":2,"114":1,"116":1,"118":1,"123":1,"124":2,"125":2,"126":2,"127":2,"128":2,"129":2,"130":1,"133":2,"134":2,"139":2,"143":1,"144":3,"145":1,"149":1,"150":1,"158":1,"160":1,"161":1,"162":1,"164":1,"166":1,"258":1,"259":1,"271":1,"274":6,"275":6,"277":1,"279":2,"281":1,"283":2,"288":1,"289":1,"291":1,"294":1,"302":1,"305":1,"306":1,"309":1,"310":1,"312":1,"313":1,"314":1,"315":1,"316":1,"317":1,"318":1,"320":1,"321":1,"323":1}},"/home/travis/build/npmtest/node-npmtest-mocha/mocha/index.js":{"path":"/home/travis/build/npmtest/node-npmtest-mocha/mocha/index.js","s":{"1":1},"b":{},"f":{},"fnMap":{},"statementMap":{"1":{"start":{"line":3,"column":0},"end":{"line":3,"column":40}}},"branchMap":{},"code":["'use strict';","","module.exports = require('./lib/mocha');",""],"l":{"3":1}},"/home/travis/build/npmtest/node-npmtest-mocha/mocha/lib/mocha.js":{"path":"/home/travis/build/npmtest/node-npmtest-mocha/mocha/lib/mocha.js","s":{"1":1,"2":1,"3":1,"4":1,"5":1,"6":1,"7":1,"8":1,"9":1,"10":1,"11":1,"12":1,"13":1,"14":1,"15":1,"16":1,"17":1,"18":1,"19":0,"20":1,"21":0,"22":0,"23":0,"24":0,"25":0,"26":0,"27":0,"28":0,"29":0,"30":0,"31":0,"32":0,"33":0,"34":0,"35":0,"36":0,"37":0,"38":0,"39":0,"40":0,"41":1,"42":0,"43":0,"44":0,"45":0,"46":1,"47":0,"48":0,"49":1,"50":0,"51":0,"52":0,"53":0,"54":0,"55":0,"56":0,"57":0,"58":0,"59":0,"60":0,"61":0,"62":0,"63":0,"64":0,"65":0,"66":0,"67":1,"68":0,"69":0,"70":0,"71":0,"72":0,"73":0,"74":0,"75":0,"76":0,"77":0,"78":0,"79":0,"80":0,"81":0,"82":0,"83":0,"84":0,"85":0,"86":0,"87":0,"88":0,"89":0,"90":1,"91":0,"92":0,"93":0,"94":0,"95":0,"96":0,"97":0,"98":0,"99":1,"100":0,"101":0,"102":0,"103":0,"104":0,"105":0,"106":0,"107":1,"108":0,"109":1,"110":0,"111":0,"112":0,"113":0,"114":0,"115":1,"116":0,"117":0,"118":1,"119":0,"120":0,"121":1,"122":0,"123":0,"124":1,"125":0,"126":0,"127":1,"128":0,"129":0,"130":1,"131":0,"132":0,"133":1,"134":0,"135":0,"136":0,"137":1,"138":0,"139":0,"140":1,"141":0,"142":0,"143":1,"144":0,"145":0,"146":1,"147":0,"148":0,"149":1,"150":0,"151":0,"152":1,"153":0,"154":0,"155":1,"156":0,"157":0,"158":1,"159":0,"160":0,"161":1,"162":0,"163":0,"164":1,"165":0,"166":0,"167":0,"168":0,"169":0,"170":0,"171":0,"172":0,"173":0,"174":0,"175":0,"176":0,"177":0,"178":0,"179":0,"180":0,"181":0,"182":0,"183":0,"184":0,"185":0,"186":1,"187":0,"188":0,"189":0,"190":0},"b":{"1":[1,0],"2":[0,0],"3":[0,0],"4":[0,0],"5":[0,0],"6":[0,0],"7":[0,0],"8":[0,0],"9":[0,0],"10":[0,0],"11":[0,0],"12":[0,0],"13":[0,0],"14":[0,0],"15":[0,0],"16":[0,0],"17":[0,0],"18":[0,0],"19":[0,0],"20":[0,0],"21":[0,0],"22":[0,0],"23":[0,0],"24":[0,0],"25":[0,0],"26":[0,0],"27":[0,0],"28":[0,0],"29":[0,0],"30":[0,0],"31":[0,0],"32":[0,0],"33":[0,0],"34":[0,0],"35":[0,0],"36":[0,0],"37":[0,0],"38":[0,0],"39":[0,0],"40":[0,0],"41":[0,0],"42":[0,0],"43":[0,0],"44":[0,0],"45":[0,0],"46":[0,0],"47":[0,0],"48":[0,0],"49":[0,0]},"f":{"1":0,"2":0,"3":0,"4":0,"5":0,"6":0,"7":0,"8":0,"9":0,"10":0,"11":0,"12":0,"13":0,"14":0,"15":0,"16":0,"17":0,"18":0,"19":0,"20":0,"21":0,"22":0,"23":0,"24":0,"25":0,"26":0,"27":0,"28":0,"29":0,"30":0,"31":0},"fnMap":{"1":{"name":"image","line":54,"loc":{"start":{"line":54,"column":0},"end":{"line":54,"column":22}}},"2":{"name":"Mocha","line":77,"loc":{"start":{"line":77,"column":0},"end":{"line":77,"column":25}}},"3":{"name":"(anonymous_3)","line":112,"loc":{"start":{"line":112,"column":23},"end":{"line":112,"column":39}}},"4":{"name":"(anonymous_4)","line":126,"loc":{"start":{"line":126,"column":26},"end":{"line":126,"column":42}}},"5":{"name":"(anonymous_5)","line":140,"loc":{"start":{"line":140,"column":27},"end":{"line":140,"column":64}}},"6":{"name":"(anonymous_6)","line":180,"loc":{"start":{"line":180,"column":21},"end":{"line":180,"column":37}}},"7":{"name":"(anonymous_7)","line":192,"loc":{"start":{"line":192,"column":31},"end":{"line":192,"column":50}}},"8":{"name":"(anonymous_8)","line":216,"loc":{"start":{"line":216,"column":28},"end":{"line":216,"column":42}}},"9":{"name":"(anonymous_9)","line":219,"loc":{"start":{"line":219,"column":21},"end":{"line":219,"column":37}}},"10":{"name":"(anonymous_10)","line":233,"loc":{"start":{"line":233,"column":25},"end":{"line":233,"column":53}}},"11":{"name":"(anonymous_11)","line":236,"loc":{"start":{"line":236,"column":19},"end":{"line":236,"column":31}}},"12":{"name":"(anonymous_12)","line":258,"loc":{"start":{"line":258,"column":24},"end":{"line":258,"column":39}}},"13":{"name":"(anonymous_13)","line":271,"loc":{"start":{"line":271,"column":23},"end":{"line":271,"column":37}}},"14":{"name":"(anonymous_14)","line":287,"loc":{"start":{"line":287,"column":25},"end":{"line":287,"column":37}}},"15":{"name":"(anonymous_15)","line":301,"loc":{"start":{"line":301,"column":30},"end":{"line":301,"column":48}}},"16":{"name":"(anonymous_16)","line":312,"loc":{"start":{"line":312,"column":29},"end":{"line":312,"column":41}}},"17":{"name":"(anonymous_17)","line":323,"loc":{"start":{"line":323,"column":28},"end":{"line":323,"column":40}}},"18":{"name":"(anonymous_18)","line":334,"loc":{"start":{"line":334,"column":24},"end":{"line":334,"column":36}}},"19":{"name":"(anonymous_19)","line":348,"loc":{"start":{"line":348,"column":26},"end":{"line":348,"column":45}}},"20":{"name":"(anonymous_20)","line":362,"loc":{"start":{"line":362,"column":28},"end":{"line":362,"column":46}}},"21":{"name":"(anonymous_21)","line":378,"loc":{"start":{"line":378,"column":33},"end":{"line":378,"column":56}}},"22":{"name":"(anonymous_22)","line":392,"loc":{"start":{"line":392,"column":26},"end":{"line":392,"column":45}}},"23":{"name":"(anonymous_23)","line":404,"loc":{"start":{"line":404,"column":26},"end":{"line":404,"column":39}}},"24":{"name":"(anonymous_24)","line":418,"loc":{"start":{"line":418,"column":23},"end":{"line":418,"column":39}}},"25":{"name":"(anonymous_25)","line":432,"loc":{"start":{"line":432,"column":33},"end":{"line":432,"column":52}}},"26":{"name":"(anonymous_26)","line":443,"loc":{"start":{"line":443,"column":28},"end":{"line":443,"column":40}}},"27":{"name":"(anonymous_27)","line":453,"loc":{"start":{"line":453,"column":33},"end":{"line":453,"column":45}}},"28":{"name":"(anonymous_28)","line":464,"loc":{"start":{"line":464,"column":32},"end":{"line":464,"column":44}}},"29":{"name":"delay","line":473,"loc":{"start":{"line":473,"column":24},"end":{"line":473,"column":42}}},"30":{"name":"(anonymous_30)","line":485,"loc":{"start":{"line":485,"column":22},"end":{"line":485,"column":36}}},"31":{"name":"done","line":513,"loc":{"start":{"line":513,"column":2},"end":{"line":513,"column":27}}}},"statementMap":{"1":{"start":{"line":13,"column":0},"end":{"line":13,"column":47}},"2":{"start":{"line":14,"column":0},"end":{"line":14,"column":27}},"3":{"start":{"line":15,"column":0},"end":{"line":15,"column":39}},"4":{"start":{"line":16,"column":0},"end":{"line":16,"column":31}},"5":{"start":{"line":22,"column":0},"end":{"line":22,"column":33}},"6":{"start":{"line":28,"column":0},"end":{"line":31,"column":1}},"7":{"start":{"line":29,"column":2},"end":{"line":29,"column":26}},"8":{"start":{"line":30,"column":2},"end":{"line":30,"column":57}},"9":{"start":{"line":37,"column":0},"end":{"line":37,"column":22}},"10":{"start":{"line":38,"column":0},"end":{"line":38,"column":45}},"11":{"start":{"line":39,"column":0},"end":{"line":39,"column":30}},"12":{"start":{"line":40,"column":0},"end":{"line":40,"column":41}},"13":{"start":{"line":41,"column":0},"end":{"line":41,"column":39}},"14":{"start":{"line":42,"column":0},"end":{"line":42,"column":37}},"15":{"start":{"line":43,"column":0},"end":{"line":43,"column":35}},"16":{"start":{"line":44,"column":0},"end":{"line":44,"column":33}},"17":{"start":{"line":45,"column":0},"end":{"line":45,"column":33}},"18":{"start":{"line":54,"column":0},"end":{"line":56,"column":1}},"19":{"start":{"line":55,"column":2},"end":{"line":55,"column":58}},"20":{"start":{"line":77,"column":0},"end":{"line":104,"column":1}},"21":{"start":{"line":78,"column":2},"end":{"line":78,"column":26}},"22":{"start":{"line":79,"column":2},"end":{"line":79,"column":18}},"23":{"start":{"line":80,"column":2},"end":{"line":80,"column":25}},"24":{"start":{"line":81,"column":2},"end":{"line":83,"column":3}},"25":{"start":{"line":82,"column":4},"end":{"line":82,"column":40}},"26":{"start":{"line":84,"column":2},"end":{"line":86,"column":3}},"27":{"start":{"line":85,"column":4},"end":{"line":85,"column":30}},"28":{"start":{"line":87,"column":2},"end":{"line":87,"column":60}},"29":{"start":{"line":88,"column":2},"end":{"line":88,"column":22}},"30":{"start":{"line":89,"column":2},"end":{"line":89,"column":26}},"31":{"start":{"line":90,"column":2},"end":{"line":90,"column":59}},"32":{"start":{"line":91,"column":2},"end":{"line":93,"column":3}},"33":{"start":{"line":92,"column":4},"end":{"line":92,"column":34}},"34":{"start":{"line":94,"column":2},"end":{"line":96,"column":3}},"35":{"start":{"line":95,"column":4},"end":{"line":95,"column":34}},"36":{"start":{"line":97,"column":2},"end":{"line":97,"column":36}},"37":{"start":{"line":98,"column":2},"end":{"line":100,"column":3}},"38":{"start":{"line":99,"column":4},"end":{"line":99,"column":48}},"39":{"start":{"line":101,"column":2},"end":{"line":103,"column":3}},"40":{"start":{"line":102,"column":4},"end":{"line":102,"column":28}},"41":{"start":{"line":112,"column":0},"end":{"line":118,"column":2}},"42":{"start":{"line":113,"column":2},"end":{"line":115,"column":3}},"43":{"start":{"line":114,"column":4},"end":{"line":114,"column":16}},"44":{"start":{"line":116,"column":2},"end":{"line":116,"column":24}},"45":{"start":{"line":117,"column":2},"end":{"line":117,"column":14}},"46":{"start":{"line":126,"column":0},"end":{"line":129,"column":2}},"47":{"start":{"line":127,"column":2},"end":{"line":127,"column":24}},"48":{"start":{"line":128,"column":2},"end":{"line":128,"column":14}},"49":{"start":{"line":140,"column":0},"end":{"line":172,"column":2}},"50":{"start":{"line":141,"column":2},"end":{"line":169,"column":3}},"51":{"start":{"line":142,"column":4},"end":{"line":142,"column":30}},"52":{"start":{"line":144,"column":4},"end":{"line":144,"column":34}},"53":{"start":{"line":145,"column":4},"end":{"line":145,"column":18}},"54":{"start":{"line":147,"column":4},"end":{"line":149,"column":5}},"55":{"start":{"line":148,"column":6},"end":{"line":148,"column":38}},"56":{"start":{"line":151,"column":4},"end":{"line":159,"column":5}},"57":{"start":{"line":152,"column":6},"end":{"line":158,"column":7}},"58":{"start":{"line":153,"column":8},"end":{"line":153,"column":38}},"59":{"start":{"line":155,"column":8},"end":{"line":157,"column":90}},"60":{"start":{"line":160,"column":4},"end":{"line":164,"column":5}},"61":{"start":{"line":161,"column":6},"end":{"line":163,"column":64}},"62":{"start":{"line":165,"column":4},"end":{"line":167,"column":5}},"63":{"start":{"line":166,"column":6},"end":{"line":166,"column":61}},"64":{"start":{"line":168,"column":4},"end":{"line":168,"column":31}},"65":{"start":{"line":170,"column":2},"end":{"line":170,"column":49}},"66":{"start":{"line":171,"column":2},"end":{"line":171,"column":14}},"67":{"start":{"line":180,"column":0},"end":{"line":209,"column":2}},"68":{"start":{"line":181,"column":2},"end":{"line":181,"column":23}},"69":{"start":{"line":182,"column":2},"end":{"line":182,"column":38}},"70":{"start":{"line":183,"column":2},"end":{"line":189,"column":3}},"71":{"start":{"line":184,"column":4},"end":{"line":188,"column":5}},"72":{"start":{"line":185,"column":6},"end":{"line":185,"column":31}},"73":{"start":{"line":187,"column":6},"end":{"line":187,"column":58}},"74":{"start":{"line":190,"column":2},"end":{"line":190,"column":34}},"75":{"start":{"line":192,"column":2},"end":{"line":206,"column":5}},"76":{"start":{"line":193,"column":4},"end":{"line":193,"column":62}},"77":{"start":{"line":194,"column":4},"end":{"line":194,"column":59}},"78":{"start":{"line":195,"column":4},"end":{"line":195,"column":61}},"79":{"start":{"line":196,"column":4},"end":{"line":196,"column":58}},"80":{"start":{"line":197,"column":4},"end":{"line":197,"column":57}},"81":{"start":{"line":198,"column":4},"end":{"line":198,"column":44}},"82":{"start":{"line":199,"column":4},"end":{"line":199,"column":56}},"83":{"start":{"line":200,"column":4},"end":{"line":200,"column":62}},"84":{"start":{"line":201,"column":4},"end":{"line":201,"column":67}},"85":{"start":{"line":202,"column":4},"end":{"line":202,"column":54}},"86":{"start":{"line":203,"column":4},"end":{"line":203,"column":61}},"87":{"start":{"line":204,"column":4},"end":{"line":204,"column":46}},"88":{"start":{"line":205,"column":4},"end":{"line":205,"column":30}},"89":{"start":{"line":208,"column":2},"end":{"line":208,"column":14}},"90":{"start":{"line":216,"column":0},"end":{"line":226,"column":2}},"91":{"start":{"line":217,"column":2},"end":{"line":217,"column":18}},"92":{"start":{"line":218,"column":2},"end":{"line":218,"column":25}},"93":{"start":{"line":219,"column":2},"end":{"line":224,"column":5}},"94":{"start":{"line":220,"column":4},"end":{"line":220,"column":30}},"95":{"start":{"line":221,"column":4},"end":{"line":221,"column":50}},"96":{"start":{"line":222,"column":4},"end":{"line":222,"column":53}},"97":{"start":{"line":223,"column":4},"end":{"line":223,"column":51}},"98":{"start":{"line":225,"column":2},"end":{"line":225,"column":13}},"99":{"start":{"line":233,"column":0},"end":{"line":249,"column":2}},"100":{"start":{"line":234,"column":2},"end":{"line":234,"column":32}},"101":{"start":{"line":236,"column":2},"end":{"line":248,"column":5}},"102":{"start":{"line":237,"column":4},"end":{"line":237,"column":31}},"103":{"start":{"line":238,"column":4},"end":{"line":247,"column":5}},"104":{"start":{"line":239,"column":6},"end":{"line":239,"column":73}},"105":{"start":{"line":240,"column":6},"end":{"line":240,"column":77}},"106":{"start":{"line":242,"column":6},"end":{"line":246,"column":9}},"107":{"start":{"line":258,"column":0},"end":{"line":260,"column":2}},"108":{"start":{"line":259,"column":2},"end":{"line":259,"column":46}},"109":{"start":{"line":271,"column":0},"end":{"line":280,"column":2}},"110":{"start":{"line":272,"column":2},"end":{"line":278,"column":3}},"111":{"start":{"line":274,"column":4},"end":{"line":274,"column":46}},"112":{"start":{"line":275,"column":4},"end":{"line":275,"column":61}},"113":{"start":{"line":277,"column":4},"end":{"line":277,"column":27}},"114":{"start":{"line":279,"column":2},"end":{"line":279,"column":14}},"115":{"start":{"line":287,"column":0},"end":{"line":290,"column":2}},"116":{"start":{"line":288,"column":2},"end":{"line":288,"column":29}},"117":{"start":{"line":289,"column":2},"end":{"line":289,"column":14}},"118":{"start":{"line":301,"column":0},"end":{"line":304,"column":2}},"119":{"start":{"line":302,"column":2},"end":{"line":302,"column":45}},"120":{"start":{"line":303,"column":2},"end":{"line":303,"column":14}},"121":{"start":{"line":312,"column":0},"end":{"line":315,"column":2}},"122":{"start":{"line":313,"column":2},"end":{"line":313,"column":35}},"123":{"start":{"line":314,"column":2},"end":{"line":314,"column":14}},"124":{"start":{"line":323,"column":0},"end":{"line":326,"column":2}},"125":{"start":{"line":324,"column":2},"end":{"line":324,"column":37}},"126":{"start":{"line":325,"column":2},"end":{"line":325,"column":14}},"127":{"start":{"line":334,"column":0},"end":{"line":337,"column":2}},"128":{"start":{"line":335,"column":2},"end":{"line":335,"column":28}},"129":{"start":{"line":336,"column":2},"end":{"line":336,"column":14}},"130":{"start":{"line":348,"column":0},"end":{"line":351,"column":2}},"131":{"start":{"line":349,"column":2},"end":{"line":349,"column":70}},"132":{"start":{"line":350,"column":2},"end":{"line":350,"column":14}},"133":{"start":{"line":362,"column":0},"end":{"line":367,"column":2}},"134":{"start":{"line":363,"column":2},"end":{"line":365,"column":3}},"135":{"start":{"line":364,"column":4},"end":{"line":364,"column":36}},"136":{"start":{"line":366,"column":2},"end":{"line":366,"column":14}},"137":{"start":{"line":378,"column":0},"end":{"line":381,"column":2}},"138":{"start":{"line":379,"column":2},"end":{"line":379,"column":73}},"139":{"start":{"line":380,"column":2},"end":{"line":380,"column":14}},"140":{"start":{"line":392,"column":0},"end":{"line":395,"column":2}},"141":{"start":{"line":393,"column":2},"end":{"line":393,"column":30}},"142":{"start":{"line":394,"column":2},"end":{"line":394,"column":14}},"143":{"start":{"line":404,"column":0},"end":{"line":407,"column":2}},"144":{"start":{"line":405,"column":2},"end":{"line":405,"column":24}},"145":{"start":{"line":406,"column":2},"end":{"line":406,"column":14}},"146":{"start":{"line":418,"column":0},"end":{"line":421,"column":2}},"147":{"start":{"line":419,"column":2},"end":{"line":419,"column":24}},"148":{"start":{"line":420,"column":2},"end":{"line":420,"column":14}},"149":{"start":{"line":432,"column":0},"end":{"line":435,"column":2}},"150":{"start":{"line":433,"column":2},"end":{"line":433,"column":88}},"151":{"start":{"line":434,"column":2},"end":{"line":434,"column":14}},"152":{"start":{"line":443,"column":0},"end":{"line":446,"column":2}},"153":{"start":{"line":444,"column":2},"end":{"line":444,"column":32}},"154":{"start":{"line":445,"column":2},"end":{"line":445,"column":14}},"155":{"start":{"line":453,"column":0},"end":{"line":456,"column":2}},"156":{"start":{"line":454,"column":2},"end":{"line":454,"column":37}},"157":{"start":{"line":455,"column":2},"end":{"line":455,"column":14}},"158":{"start":{"line":464,"column":0},"end":{"line":467,"column":2}},"159":{"start":{"line":465,"column":2},"end":{"line":465,"column":36}},"160":{"start":{"line":466,"column":2},"end":{"line":466,"column":14}},"161":{"start":{"line":473,"column":0},"end":{"line":476,"column":2}},"162":{"start":{"line":474,"column":2},"end":{"line":474,"column":28}},"163":{"start":{"line":475,"column":2},"end":{"line":475,"column":14}},"164":{"start":{"line":485,"column":0},"end":{"line":522,"column":2}},"165":{"start":{"line":486,"column":2},"end":{"line":488,"column":3}},"166":{"start":{"line":487,"column":4},"end":{"line":487,"column":21}},"167":{"start":{"line":489,"column":2},"end":{"line":489,"column":25}},"168":{"start":{"line":490,"column":2},"end":{"line":490,"column":29}},"169":{"start":{"line":491,"column":2},"end":{"line":491,"column":29}},"170":{"start":{"line":492,"column":2},"end":{"line":492,"column":56}},"171":{"start":{"line":493,"column":2},"end":{"line":493,"column":53}},"172":{"start":{"line":494,"column":2},"end":{"line":494,"column":53}},"173":{"start":{"line":495,"column":2},"end":{"line":495,"column":49}},"174":{"start":{"line":496,"column":2},"end":{"line":496,"column":35}},"175":{"start":{"line":497,"column":2},"end":{"line":497,"column":39}},"176":{"start":{"line":498,"column":2},"end":{"line":498,"column":47}},"177":{"start":{"line":499,"column":2},"end":{"line":501,"column":3}},"178":{"start":{"line":500,"column":4},"end":{"line":500,"column":46}},"179":{"start":{"line":502,"column":2},"end":{"line":504,"column":3}},"180":{"start":{"line":503,"column":4},"end":{"line":503,"column":36}},"181":{"start":{"line":505,"column":2},"end":{"line":507,"column":3}},"182":{"start":{"line":506,"column":4},"end":{"line":506,"column":34}},"183":{"start":{"line":508,"column":2},"end":{"line":510,"column":3}},"184":{"start":{"line":509,"column":4},"end":{"line":509,"column":57}},"185":{"start":{"line":511,"column":2},"end":{"line":511,"column":62}},"186":{"start":{"line":513,"column":2},"end":{"line":519,"column":3}},"187":{"start":{"line":514,"column":4},"end":{"line":518,"column":5}},"188":{"start":{"line":515,"column":6},"end":{"line":515,"column":34}},"189":{"start":{"line":517,"column":6},"end":{"line":517,"column":25}},"190":{"start":{"line":521,"column":2},"end":{"line":521,"column":26}}},"branchMap":{"1":{"line":28,"type":"if","locations":[{"start":{"line":28,"column":0},"end":{"line":28,"column":0}},{"start":{"line":28,"column":0},"end":{"line":28,"column":0}}]},"2":{"line":78,"type":"binary-expr","locations":[{"start":{"line":78,"column":12},"end":{"line":78,"column":19}},{"start":{"line":78,"column":23},"end":{"line":78,"column":25}}]},"3":{"line":81,"type":"if","locations":[{"start":{"line":81,"column":2},"end":{"line":81,"column":2}},{"start":{"line":81,"column":2},"end":{"line":81,"column":2}}]},"4":{"line":84,"type":"if","locations":[{"start":{"line":84,"column":2},"end":{"line":84,"column":2}},{"start":{"line":84,"column":2},"end":{"line":84,"column":2}}]},"5":{"line":91,"type":"if","locations":[{"start":{"line":91,"column":2},"end":{"line":91,"column":2}},{"start":{"line":91,"column":2},"end":{"line":91,"column":2}}]},"6":{"line":91,"type":"binary-expr","locations":[{"start":{"line":91,"column":6},"end":{"line":91,"column":44}},{"start":{"line":91,"column":48},"end":{"line":91,"column":72}}]},"7":{"line":94,"type":"if","locations":[{"start":{"line":94,"column":2},"end":{"line":94,"column":2}},{"start":{"line":94,"column":2},"end":{"line":94,"column":2}}]},"8":{"line":94,"type":"binary-expr","locations":[{"start":{"line":94,"column":6},"end":{"line":94,"column":44}},{"start":{"line":94,"column":48},"end":{"line":94,"column":72}}]},"9":{"line":98,"type":"if","locations":[{"start":{"line":98,"column":2},"end":{"line":98,"column":2}},{"start":{"line":98,"column":2},"end":{"line":98,"column":2}}]},"10":{"line":101,"type":"if","locations":[{"start":{"line":101,"column":2},"end":{"line":101,"column":2}},{"start":{"line":101,"column":2},"end":{"line":101,"column":2}}]},"11":{"line":113,"type":"if","locations":[{"start":{"line":113,"column":2},"end":{"line":113,"column":2}},{"start":{"line":113,"column":2},"end":{"line":113,"column":2}}]},"12":{"line":141,"type":"if","locations":[{"start":{"line":141,"column":2},"end":{"line":141,"column":2}},{"start":{"line":141,"column":2},"end":{"line":141,"column":2}}]},"13":{"line":144,"type":"binary-expr","locations":[{"start":{"line":144,"column":15},"end":{"line":144,"column":23}},{"start":{"line":144,"column":27},"end":{"line":144,"column":33}}]},"14":{"line":147,"type":"if","locations":[{"start":{"line":147,"column":4},"end":{"line":147,"column":4}},{"start":{"line":147,"column":4},"end":{"line":147,"column":4}}]},"15":{"line":151,"type":"if","locations":[{"start":{"line":151,"column":4},"end":{"line":151,"column":4}},{"start":{"line":151,"column":4},"end":{"line":151,"column":4}}]},"16":{"line":155,"type":"cond-expr","locations":[{"start":{"line":156,"column":12},"end":{"line":156,"column":65}},{"start":{"line":157,"column":12},"end":{"line":157,"column":89}}]},"17":{"line":160,"type":"if","locations":[{"start":{"line":160,"column":4},"end":{"line":160,"column":4}},{"start":{"line":160,"column":4},"end":{"line":160,"column":4}}]},"18":{"line":160,"type":"binary-expr","locations":[{"start":{"line":160,"column":8},"end":{"line":160,"column":18}},{"start":{"line":160,"column":22},"end":{"line":160,"column":45}}]},"19":{"line":165,"type":"if","locations":[{"start":{"line":165,"column":4},"end":{"line":165,"column":4}},{"start":{"line":165,"column":4},"end":{"line":165,"column":4}}]},"20":{"line":181,"type":"binary-expr","locations":[{"start":{"line":181,"column":9},"end":{"line":181,"column":13}},{"start":{"line":181,"column":17},"end":{"line":181,"column":22}}]},"21":{"line":183,"type":"if","locations":[{"start":{"line":183,"column":2},"end":{"line":183,"column":2}},{"start":{"line":183,"column":2},"end":{"line":183,"column":2}}]},"22":{"line":193,"type":"binary-expr","locations":[{"start":{"line":193,"column":24},"end":{"line":193,"column":41}},{"start":{"line":193,"column":45},"end":{"line":193,"column":61}}]},"23":{"line":194,"type":"binary-expr","locations":[{"start":{"line":194,"column":20},"end":{"line":194,"column":33}},{"start":{"line":194,"column":37},"end":{"line":194,"column":58}}]},"24":{"line":195,"type":"binary-expr","locations":[{"start":{"line":195,"column":25},"end":{"line":195,"column":43}},{"start":{"line":195,"column":47},"end":{"line":195,"column":60}}]},"25":{"line":196,"type":"binary-expr","locations":[{"start":{"line":196,"column":21},"end":{"line":196,"column":35}},{"start":{"line":196,"column":39},"end":{"line":196,"column":57}}]},"26":{"line":197,"type":"binary-expr","locations":[{"start":{"line":197,"column":23},"end":{"line":197,"column":39}},{"start":{"line":197,"column":43},"end":{"line":197,"column":56}}]},"27":{"line":198,"type":"binary-expr","locations":[{"start":{"line":198,"column":17},"end":{"line":198,"column":27}},{"start":{"line":198,"column":31},"end":{"line":198,"column":43}}]},"28":{"line":199,"type":"binary-expr","locations":[{"start":{"line":199,"column":20},"end":{"line":199,"column":33}},{"start":{"line":199,"column":37},"end":{"line":199,"column":55}}]},"29":{"line":200,"type":"binary-expr","locations":[{"start":{"line":200,"column":25},"end":{"line":200,"column":43}},{"start":{"line":200,"column":47},"end":{"line":200,"column":61}}]},"30":{"line":201,"type":"binary-expr","locations":[{"start":{"line":201,"column":28},"end":{"line":201,"column":49}},{"start":{"line":201,"column":53},"end":{"line":201,"column":66}}]},"31":{"line":202,"type":"binary-expr","locations":[{"start":{"line":202,"column":20},"end":{"line":202,"column":33}},{"start":{"line":202,"column":37},"end":{"line":202,"column":53}}]},"32":{"line":203,"type":"binary-expr","locations":[{"start":{"line":203,"column":23},"end":{"line":203,"column":39}},{"start":{"line":203,"column":43},"end":{"line":203,"column":60}}]},"33":{"line":204,"type":"binary-expr","locations":[{"start":{"line":204,"column":19},"end":{"line":204,"column":31}},{"start":{"line":204,"column":35},"end":{"line":204,"column":45}}]},"34":{"line":225,"type":"binary-expr","locations":[{"start":{"line":225,"column":2},"end":{"line":225,"column":4}},{"start":{"line":225,"column":8},"end":{"line":225,"column":12}}]},"35":{"line":238,"type":"if","locations":[{"start":{"line":238,"column":4},"end":{"line":238,"column":4}},{"start":{"line":238,"column":4},"end":{"line":238,"column":4}}]},"36":{"line":272,"type":"if","locations":[{"start":{"line":272,"column":2},"end":{"line":272,"column":2}},{"start":{"line":272,"column":2},"end":{"line":272,"column":2}}]},"37":{"line":275,"type":"binary-expr","locations":[{"start":{"line":275,"column":35},"end":{"line":275,"column":41}},{"start":{"line":275,"column":45},"end":{"line":275,"column":51}}]},"38":{"line":349,"type":"binary-expr","locations":[{"start":{"line":349,"column":26},"end":{"line":349,"column":46}},{"start":{"line":349,"column":50},"end":{"line":349,"column":52}}]},"39":{"line":363,"type":"if","locations":[{"start":{"line":363,"column":2},"end":{"line":363,"column":2}},{"start":{"line":363,"column":2},"end":{"line":363,"column":2}}]},"40":{"line":379,"type":"binary-expr","locations":[{"start":{"line":379,"column":32},"end":{"line":379,"column":57}},{"start":{"line":379,"column":61},"end":{"line":379,"column":72}}]},"41":{"line":433,"type":"cond-expr","locations":[{"start":{"line":433,"column":72},"end":{"line":433,"column":79}},{"start":{"line":433,"column":82},"end":{"line":433,"column":86}}]},"42":{"line":433,"type":"binary-expr","locations":[{"start":{"line":433,"column":28},"end":{"line":433,"column":44}},{"start":{"line":433,"column":48},"end":{"line":433,"column":69}}]},"43":{"line":486,"type":"if","locations":[{"start":{"line":486,"column":2},"end":{"line":486,"column":2}},{"start":{"line":486,"column":2},"end":{"line":486,"column":2}}]},"44":{"line":499,"type":"if","locations":[{"start":{"line":499,"column":2},"end":{"line":499,"column":2}},{"start":{"line":499,"column":2},"end":{"line":499,"column":2}}]},"45":{"line":502,"type":"if","locations":[{"start":{"line":502,"column":2},"end":{"line":502,"column":2}},{"start":{"line":502,"column":2},"end":{"line":502,"column":2}}]},"46":{"line":505,"type":"if","locations":[{"start":{"line":505,"column":2},"end":{"line":505,"column":2}},{"start":{"line":505,"column":2},"end":{"line":505,"column":2}}]},"47":{"line":508,"type":"if","locations":[{"start":{"line":508,"column":2},"end":{"line":508,"column":2}},{"start":{"line":508,"column":2},"end":{"line":508,"column":2}}]},"48":{"line":514,"type":"if","locations":[{"start":{"line":514,"column":4},"end":{"line":514,"column":4}},{"start":{"line":514,"column":4},"end":{"line":514,"column":4}}]},"49":{"line":517,"type":"binary-expr","locations":[{"start":{"line":517,"column":6},"end":{"line":517,"column":8}},{"start":{"line":517,"column":12},"end":{"line":517,"column":24}}]}},"code":["'use strict';","","/*!"," * mocha"," * Copyright(c) 2011 TJ Holowaychuk <tj@vision-media.ca>"," * MIT Licensed"," */","","/**"," * Module dependencies."," */","","var escapeRe = require('escape-string-regexp');","var path = require('path');","var reporters = require('./reporters');","var utils = require('./utils');","","/**"," * Expose `Mocha`."," */","","exports = module.exports = Mocha;","","/**"," * To require local UIs and reporters when running in node."," */","","if (!process.browser) {","  var cwd = process.cwd();","  module.paths.push(cwd, path.join(cwd, 'node_modules'));","}","","/**"," * Expose internals."," */","","exports.utils = utils;","exports.interfaces = require('./interfaces');","exports.reporters = reporters;","exports.Runnable = require('./runnable');","exports.Context = require('./context');","exports.Runner = require('./runner');","exports.Suite = require('./suite');","exports.Hook = require('./hook');","exports.Test = require('./test');","","/**"," * Return image `name` path."," *"," * @api private"," * @param {string} name"," * @return {string}"," */","function image (name) {","  return path.join(__dirname, '../images', name + '.png');","}","","/**"," * Set up mocha with `options`."," *"," * Options:"," *"," *   - `ui` name \"bdd\", \"tdd\", \"exports\" etc"," *   - `reporter` reporter instance, defaults to `mocha.reporters.spec`"," *   - `globals` array of accepted globals"," *   - `timeout` timeout in milliseconds"," *   - `retries` number of times to retry failed tests"," *   - `bail` bail on the first test failure"," *   - `slow` milliseconds to wait before considering a test slow"," *   - `ignoreLeaks` ignore global leaks"," *   - `fullTrace` display the full stack-trace on failing"," *   - `grep` string or regexp to filter tests with"," *"," * @param {Object} options"," * @api public"," */","function Mocha (options) {","  options = options || {};","  this.files = [];","  this.options = options;","  if (options.grep) {","    this.grep(new RegExp(options.grep));","  }","  if (options.fgrep) {","    this.fgrep(options.fgrep);","  }","  this.suite = new exports.Suite('', new exports.Context());","  this.ui(options.ui);","  this.bail(options.bail);","  this.reporter(options.reporter, options.reporterOptions);","  if (typeof options.timeout !== 'undefined' && options.timeout !== null) {","    this.timeout(options.timeout);","  }","  if (typeof options.retries !== 'undefined' && options.retries !== null) {","    this.retries(options.retries);","  }","  this.useColors(options.useColors);","  if (options.enableTimeouts !== null) {","    this.enableTimeouts(options.enableTimeouts);","  }","  if (options.slow) {","    this.slow(options.slow);","  }","}","","/**"," * Enable or disable bailing on the f
[...]
r', function (err) {","        self.failHook(hook, err);","      });","    }","","    hook.run(function (err) {","      var testError = hook.error();","      if (testError) {","        self.fail(self.test, testError);","      }","      if (err) {","        if (err instanceof Pending) {","          if (name === 'beforeEach' || name === 'afterEach') {","            self.test.pending = true;","          } else {","            utils.forEach(suite.tests, function (test) {","              test.pending = true;","            });","            // a pending hook won't be executed twice.","            hook.pending = true;","          }","        } else {","          self.failHook(hook, err);","","          // stop executing hooks, notify callee of hook err","          return fn(err);","        }","      }","      self.emit('hook end', hook);","      delete hook.ctx.currentTest;","      next(++i);","    });","  }","","  Runner.immediately(function () {","    next(0);","  });","};","","/**"," * Run hook `name` for the given array of `suites`"," * in order, and callback `fn(err, errSuite)`."," *"," * @api private"," * @param {string} name"," * @param {Array} suites"," * @param {Function} fn"," */","Runner.prototype.hooks = function (name, suites, fn) {","  var self = this;","  var orig = this.suite;","","  function next (suite) {","    self.suite = suite;","","    if (!suite) {","      self.suite = orig;","      return fn();","    }","","    self.hook(name, function (err) {","      if (err) {","        var errSuite = self.suite;","        self.suite = orig;","        return fn(err, errSuite);","      }","","      next(suites.pop());","    });","  }","","  next(suites.pop());","};","","/**"," * Run hooks from the top level down."," *"," * @param {String} name"," * @param {Function} fn"," * @api private"," */","Runner.prototype.hookUp = function (name, fn) {","  var suites = [this.suite].concat(this.parents()).reverse();","  this.hooks(name, suites, fn);","};","","/**"," * Run hooks from the bottom up."," *"," * @param {String} name"," * @param {Function} fn"," * @api private"," */","Runner.prototype.hookDown = function (name, fn) {","  var suites = [this.suite].concat(this.parents());","  this.hooks(name, suites, fn);","};","","/**"," * Return an array of parent Suites from"," * closest to furthest."," *"," * @return {Array}"," * @api private"," */","Runner.prototype.parents = function () {","  var suite = this.suite;","  var suites = [];","  while (suite.parent) {","    suite = suite.parent;","    suites.push(suite);","  }","  return suites;","};","","/**"," * Run the current test and callback `fn(err)`."," *"," * @param {Function} fn"," * @api private"," */","Runner.prototype.runTest = function (fn) {","  var self = this;","  var test = this.test;","","  if (!test) {","    return;","  }","  if (this.asyncOnly) {","    test.asyncOnly = true;","  }","","  if (this.allowUncaught) {","    test.allowUncaught = true;","    return test.run(fn);","  }","  try {","    test.on('error', function (err) {","      self.fail(test, err);","    });","    test.run(fn);","  } catch (err) {","    fn(err);","  }","};","","/**"," * Run tests in the given `suite` and invoke the callback `fn()` when complete."," *"," * @api private"," * @param {Suite} suite"," * @param {Function} fn"," */","Runner.prototype.runTests = function (suite, fn) {","  var self = this;","  var tests = suite.tests.slice();","  var test;","","  function hookErr (_, errSuite, after) {","    // before/after Each hook for errSuite failed:","    var orig = self.suite;","","    // for failed 'after each' hook start from errSuite parent,","    // otherwise start from errSuite itself","    self.suite = after ? errSuite.parent : errSuite;","","    if (self.suite) {","      // call hookUp afterEach","      self.hookUp('afterEach', function (err2, errSuite2) {","        self.suite = orig;","        // some hooks may fail even now","        if (err2) {","          return hookErr(err2, errSuite2, true);","        }","        // report error suite","        fn(errSuite);","      });","    } else {","      // there is no need calling other 'after each' hooks","      self.suite = orig;","      fn(errSuite);","    }","  }","","  function next (err, errSuite) {","    // if we bail after first err","    if (self.failures && suite._bail) {","      return fn();","    }","","    if (self._abort) {","      return fn();","    }","","    if (err) {","      return hookErr(err, errSuite, true);","    }","","    // next test","    test = tests.shift();","","    // all done","    if (!test) {","      return fn();","    }","","    // grep","    var match = self._grep.test(test.fullTitle());","    if (self._invert) {","      match = !match;","    }","    if (!match) {","      // Run immediately only if we have defined a grep. When we","      // define a grep — It can cause maximum callstack error if","      // the grep is doing a large recursive loop by neglecting","      // all tests. The run immediately function also comes with","      // a performance cost. So we don't want to run immediately","      // if we run the whole test suite, because running the whole","      // test suite don't do any immediate recursive loops. Thus,","      // allowing a JS runtime to breathe.","      if (self._grep !== self._defaultGrep) {","        Runner.immediately(next);","      } else {","        next();","      }","      return;","    }","","    if (test.isPending()) {","      self.emit('pending', test);","      self.emit('test end', test);","      return next();","    }","","    // execute test and hook(s)","    self.emit('test', self.test = test);","    self.hookDown('beforeEach', function (err, errSuite) {","      if (test.isPending()) {","        self.emit('pending', test);","        self.emit('test end', test);","        return next();","      }","      if (err) {","        return hookErr(err, errSuite, false);","      }","      self.currentRunnable = self.test;","      self.runTest(function (err) {","        test = self.test;","        if (err) {","          var retry = test.currentRetry();","          if (err instanceof Pending) {","            test.pending = true;","            self.emit('pending', test);","          } else if (retry < test.retries()) {","            var clonedTest = test.clone();","            clonedTest.currentRetry(retry + 1);","            tests.unshift(clonedTest);","","            // Early return + hook trigger so that it doesn't","            // increment the count wrong","            return self.hookUp('afterEach', next);","          } else {","            self.fail(test, err);","          }","          self.emit('test end', test);","","          if (err instanceof Pending) {","            return next();","          }","","          return self.hookUp('afterEach', next);","        }","","        test.state = 'passed';","        self.emit('pass', test);","        self.emit('test end', test);","        self.hookUp('afterEach', next);","      });","    });","  }","","  this.next = next;","  this.hookErr = hookErr;","  next();","};","","/**"," * Run the given `suite` and invoke the callback `fn()` when complete."," *"," * @api private"," * @param {Suite} suite"," * @param {Function} fn"," */","Runner.prototype.runSuite = function (suite, fn) {","  var i = 0;","  var self = this;","  var total = this.grepTotal(suite);","  var afterAllHookCalled = false;","","  debug('run suite %s', suite.fullTitle());","","  if (!total || (self.failures && suite._bail)) {","    return fn();","  }","","  this.emit('suite', this.suite = suite);","","  function next (errSuite) {","    if (errSuite) {","      // current suite failed on a hook from errSuite","      if (errSuite === suite) {","        // if errSuite is current suite","        // continue to the next sibling suite","        return done();","      }","      // errSuite is among the parents of current suite","      // stop execution of errSuite and all sub-suites","      return done(errSuite);","    }","","    if (self._abort) {","      return done();","    }","","    var curr = suite.suites[i++];","    if (!curr) {","      return done();","    }","","    // Avoid grep neglecting large number of tests causing a","    // huge recursive loop and thus a maximum call stack error.","    // See comment in `this.runTests()` for more information.","    if (self._grep !== self._defaultGrep) {","      Runner.immediately(function () {","        self.runSuite(curr, next);","      });","    } else {","      self.runSuite(curr, next);","    }","  }","","  function done (errSuite) {","    self.suite = suite;","    self.nextSuite = next;","","    if (afterAllHookCalled) {","      fn(errSuite);","    } else {","      // mark that the afterAll block has been called once","      // and so can be skipped if there is an error in it.","      afterAllHookCalled = true;","","      // remove reference to test","      delete self.test;","","      self.hook('afterAll', function () {","        self.emit('suite end', suite);","        fn(errSuite);","      });","    }","  }","","  this.nextSuite = next;","","  this.hook('beforeAll', function (err) {","    if (err) {","      return done();","    }","    self.runTests(suite, next);","  });","};","","/**"," * Handle uncaught exceptions."," *"," * @param {Error} err"," * @api private"," */","Runner.prototype.uncaught = function (err) {","  if (err) {","    debug('uncaught exception %s', err !== function () {","      return this;","    }.call(err) ? err : (err.message || err));","  } else {","    debug('uncaught undefined exception');","    err = undefinedError();","  }","  err.uncaught = true;","","  var runnable = this.currentRunnable;","","  if (!runnable) {","    runnable = new Runnable('Uncaught error outside test suite');","    runnable.parent = this.suite;","","    if (this.started) {","      this.fail(runnable, err);","    } else {","      // Can't recover from this failure","      this.emit('start');","      this.fail(runnable, err);","      this.emit('end');","    }","","    return;","  }","","  runnable.clearTimeout();","","  // Ignore errors if complete or pending","  if (runnable.state || runnable.isPending()) {","    return;","  }","  this.fail(runnable, err);","","  // recover from test","  if (runnable.type === 'test') {","    this.emit('test end', runnable);","    this.hookUp('afterEach', this.next);","    return;","  }",""," // recover from hooks","  if (runnable.type === 'hook') {","    var errSuite = this.suite;","    // if hook failure is in afterEach block","    if (runnable.fullTitle().indexOf('after each') > -1) {","      return this.hookErr(err, errSuite, true);","    }","    // if hook failure is in beforeEach block","    if (runnable.fullTitle().indexOf('before each') > -1) {","      return this.hookErr(err, errSuite, false);","    }","    // if hook failure is in after or before blocks","    return this.nextSuite(errSuite);","  }","","  // bail","  this.emit('end');","};","","/**"," * Cleans up the references to all the deferred functions"," * (before/after/beforeEach/afterEach) and tests of a Suite."," * These must be deleted otherwise a memory leak can happen,"," * as those functions may reference variables from closures,"," * thus those variables can never be garbage collected as long"," * as the deferred functions exist."," *"," * @param {Suite} suite"," */","function cleanSuiteReferences (suite) {","  function cleanArrReferences (arr) {","    for (var i = 0; i < arr.length; i++) {","      delete arr[i].fn;","    }","  }","","  if (isArray(suite._beforeAll)) {","    cleanArrReferences(suite._beforeAll);","  }","","  if (isArray(suite._beforeEach)) {","    cleanArrReferences(suite._beforeEach);","  }","","  if (isArray(suite._afterAll)) {","    cleanArrReferences(suite._afterAll);","  }","","  if (isArray(suite._afterEach)) {","    cleanArrReferences(suite._afterEach);","  }","","  for (var i = 0; i < suite.tests.length; i++) {","    delete suite.tests[i].fn;","  }","}","","/**"," * Run the root suite and invoke `fn(failures)`"," * on completion."," *"," * @param {Function} fn"," * @return {Runner} for chaining"," * @api public"," * @param {Function} fn"," * @return {Runner} Runner instance."," */","Runner.prototype.run = function (fn) {","  var self = this;","  var rootSuite = this.suite;","","  // If there is an `only` filter","  if (this.hasOnly) {","    filterOnly(rootSuite);","  }","","  fn = fn || function () {};","","  function uncaught (err) {","    self.uncaught(err);","  }","","  function start () {","    self.started = true;","    self.emit('start');","    self.runSuite(rootSuite, function () {","      debug('finished running');","      self.emit('end');","    });","  }","","  debug('start');","","  // references cleanup to avoid memory leaks","  this.on('suite end', cleanSuiteReferences);","","  // callback","  this.on('end', function () {","    debug('end');","    process.removeListener('uncaughtException', uncaught);","    fn(self.failures);","  });","","  // uncaught exception","  process.on('uncaughtException', uncaught);","","  if (this._delay) {","    // for reporters, I guess.","    // might be nice to debounce some dots while we wait.","    this.emit('waiting', rootSuite);","    rootSuite.once('run', start);","  } else {","    start();","  }","","  return this;","};","","/**"," * Cleanly abort execution."," *"," * @api public"," * @return {Runner} Runner instance."," */","Runner.prototype.abort = function () {","  debug('aborting');","  this._abort = true;","","  return this;","};","","/**"," * Filter suites based on `isOnly` logic."," *"," * @param {Array} suite"," * @returns {Boolean}"," * @api private"," */","function filterOnly (suite) {","  if (suite._onlyTests.length) {","    // If the suite contains `only` tests, run those and ignore any nested suites.","    suite.tests = suite._onlyTests;","    suite.suites = [];","  } else {","    // Otherwise, do not run any of the tests in this suite.","    suite.tests = [];","    utils.forEach(suite._onlySuites, function (onlySuite) {","      // If there are other `only` tests/suites nested in the current `only` suite, then filter that `only` suite.","      // Otherwise, all of the tests on this `only` suite should be run, so don't filter it.","      if (hasOnly(onlySuite)) {","        filterOnly(onlySuite);","      }","    });","    // Run the `only` suites, as well as any other suites that have `only` tests/suites as descendants.","    suite.suites = filter(suite.suites, function (childSuite) {","      return indexOf(suite._onlySuites, childSuite) !== -1 || filterOnly(childSuite);","    });","  }","  // Keep the suite only if there is something to run","  return suite.tests.length || suite.suites.length;","}","","/**"," * Determines whether a suite has an `only` test or suite as a descendant."," *"," * @param {Array} suite"," * @returns {Boolean}"," * @api private"," */","function hasOnly (suite) {","  return suite._onlyTests.length || suite._onlySuites.length || some(suite.suites, hasOnly);","}","","/**"," * Filter leaks with the given globals flagged as `ok`."," *"," * @api private"," * @param {Array} ok"," * @param {Array} globals"," * @return {Array}"," */","function filterLeaks (ok, globals) {","  return filter(globals, function (key) {","    // Firefox and Chrome exposes iframes as index inside the window object","    if (/^\\d+/.test(key)) {","      return false;","    }","","    // in firefox","    // if runner runs in an iframe, this iframe's window.getInterface method","    // not init at first it is assigned in some seconds","    if (global.navigator && (/^getInterface/).test(key)) {","      return false;","    }","","    // an iframe could be approached by window[iframeIndex]","    // in ie6,7,8 and opera, iframeIndex is enumerable, this could cause leak","    if (global.navigator && (/^\\d+/).test(key)) {","      return false;","    }","","    // Opera and IE expose global variables for HTML element IDs (issue #243)","    if (/^mocha-/.test(key)) {","      return false;","    }","","    var matched = filter(ok, function (ok) {","      if (~ok.indexOf('*')) {","        return key.indexOf(ok.split('*')[0]) === 0;","      }","      return key === ok;","    });","    return !matched.length && (!global.navigator || key !== 'onerror');","  });","}","","/**"," * Array of globals dependent on the environment."," *"," * @return {Array}"," * @api private"," */","function extraGlobals () {","  if (typeof process === 'object' && typeof process.version === 'string') {","    var parts = process.version.split('.');","    var nodeVersion = utils.reduce(parts, function (a, v) {","      return a << 8 | v;","    });","","    // 'errno' was renamed to process._errno in v0.9.11.","","    if (nodeVersion < 0x00090B) {","      return ['errno'];","    }","  }","","  return [];","}",""],"l":{"7":1,"8":1,"9":1,"10":1,"11":1,"12":1,"13":1,"14":1,"15":1,"16":1,"17":1,"18":1,"19":1,"20":1,"21":1,"27":1,"42":1,"66":1,"67":0,"68":0,"69":0,"70":0,"71":0,"72":0,"73":0,"74":0,"75":0,"76":0,"78":0,"79":0,"81":0,"82":0,"83":0,"92":1,"97":1,"111":1,"112":0,"113":0,"114":0,"115":0,"116":0,"129":1,"130":0,"131":0,"133":0,"134":0,"135":0,"136":0,"138":0,"139":0,"143":0,"152":1,"153":0,"156":0,"157":0,"158":0,"160":0,"163":0,"175":1,"176":0,"177":0,"179":0,"180":0,"181":0,"189":1,"190":0,"191":0,"193":0,"195":0,"196":0,"198":0,"199":0,"202":0,"203":0,"205":0,"207":0,"208":0,"210":0,"211":0,"212":0,"213":0,"224":1,"225":0,"226":0,"229":0,"230":0,"232":0,"233":0,"236":0,"237":0,"244":0,"267":1,"268":0,"269":0,"270":0,"273":0,"274":0,"275":0,"287":1,"288":0,"289":0,"290":0,"292":1,"293":0,"294":0,"295":0,"297":0,"299":0,"301":0,"303":0,"304":0,"305":0,"309":0,"310":0,"311":0,"312":0,"314":0,"315":0,"316":0,"317":0,"319":0,"320":0,"323":0,"326":0,"329":0,"332":0,"333":0,"334":0,"338":0,"339":0,"352":1,"353":0,"354":0,"356":1,"357":0,"359":0,"360":0,"361":0,"364":0,"365":0,"366":0,"367":0,"368":0,"371":0,"375":0,"385":1,"386":0,"387":0,"397":1,"398":0,"399":0,"409":1,"410":0,"411":0,"412":0,"413":0,"414":0,"416":0,"425":1,"426":0,"427":0,"429":0,"430":0,"432":0,"433":0,"436":0,"437":0,"438":0,"440":0,"441":0,"442":0,"444":0,"446":0,"457":1,"458":0,"459":0,"460":0,"462":1,"464":0,"468":0,"470":0,"472":0,"473":0,"475":0,"476":0,"479":0,"483":0,"484":0,"488":1,"490":0,"491":0,"494":0,"495":0,"498":0,"499":0,"503":0,"506":0,"507":0,"511":0,"512":0,"513":0,"515":0,"524":0,"525":0,"527":0,"529":0,"532":0,"533":0,"534":0,"535":0,"539":0,"540":0,"541":0,"542":0,"543":0,"544":0,"546":0,"547":0,"549":0,"550":0,"551":0,"552":0,"553":0,"554":0,"555":0,"556":0,"557":0,"558":0,"559":0,"560":0,"564":0,"566":0,"568":0,"570":0,"571":0,"574":0,"577":0,"578":0,"579":0,"580":0,"585":0,"586":0,"587":0,"597":1,"598":0,"599":0,"600":0,"601":0,"603":0,"605":0,"606":0,"609":0,"611":1,"612":0,"614":0,"617":0,"621":0,"624":0,"625":0,"628":0,"629":0,"630":0,"636":0,"637":0,"638":0,"641":0,"645":1,"646":0,"647":0,"649":0,"650":0,"654":0,"657":0,"659":0,"660":0,"661":0,"666":0,"668":0,"669":0,"670":0,"672":0,"682":1,"683":0,"684":0,"685":0,"688":0,"689":0,"691":0,"693":0,"695":0,"696":0,"697":0,"699":0,"700":0,"703":0,"704":0,"705":0,"708":0,"711":0,"714":0,"715":0,"717":0,"720":0,"721":0,"722":0,"723":0,"727":0,"728":0,"730":0,"731":0,"734":0,"735":0,"738":0,"742":0,"755":1,"756":1,"757":0,"758":0,"762":0,"763":0,"766":0,"767":0,"770":0,"771":0,"774":0,"775":0,"778":0,"779":0,"793":1,"794":0,"795":0,"798":0,"799":0,"802":0,"804":1,"805":0,"808":1,"809":0,"810":0,"811":0,"812":0,"813":0,"817":0,"820":0,"823":0,"824":0,"825":0,"826":0,"830":0,"832":0,"835":0,"836":0,"838":0,"841":0,"850":1,"851":0,"852":0,"854":0,"864":1,"865":0,"867":0,"868":0,"871":0,"872":0,"875":0,"876":0,"880":0,"881":0,"885":0,"895":1,"896":0,"907":1,"908":0,"910":0,"911":0,"917":0,"918":0,"923":0,"924":0,"928":0,"929":0,"932":0,"933":0,"934":0,"936":0,"938":0,"948":1,"949":0,"950":0,"951":0,"952":0,"957":0,"958":0,"962":0}}}